2024-03-20 12:08:49,163 [INFO] Activator:176 - 


2024-03-20 12:08:49,172 [INFO] Activator:177 - !SESSION log4j initialized
2024-03-20 12:08:58,670 [INFO] LogOutputStream:77 - [STDOUT_REDIRECT] 
2024-03-20 12:09:22,116 [ERROR] LogOutputStream:75 - [STDERR_REDIRECT] SLF4J: Failed to load class "org.slf4j.impl.StaticLoggerBinder".
2024-03-20 12:09:22,117 [ERROR] LogOutputStream:75 - [STDERR_REDIRECT] SLF4J: Defaulting to no-operation (NOP) logger implementation
2024-03-20 12:09:22,119 [ERROR] LogOutputStream:75 - [STDERR_REDIRECT] SLF4J: See http://www.slf4j.org/codes.html#StaticLoggerBinder for further details.
2024-03-20 13:15:43,341 [INFO] ApplicationProperties:184 - Using Application install path: C:\ST\STM32CubeIDE_1.12.1\STM32CubeIDE\plugins\com.st.stm32cube.common.mx_6.8.1.202304191431
2024-03-20 13:15:43,376 [INFO] DbMcusXml:78 - Set database path to: C:\ST\STM32CubeIDE_1.12.1\STM32CubeIDE\plugins\com.st.stm32cube.common.mx_6.8.1.202304191431\\db\/mcu/
2024-03-20 13:15:43,376 [INFO] ApiDb:274 - Set plugin database path to: C:\ST\STM32CubeIDE_1.12.1\STM32CubeIDE\plugins\com.st.stm32cube.common.mx_6.8.1.202304191431\\db\/plugins/boardmanager/
2024-03-20 13:15:43,378 [WARN] ApiDb:259 - Overriding images path with different value:  => C:\ST\STM32CubeIDE_1.12.1\STM32CubeIDE\plugins\com.st.stm32cube.common.mx_6.8.1.202304191431\\db\/plugins/mcufinder/images/
2024-03-20 13:15:43,400 [INFO] ApiDb:250 - Set database path to: C:\Users\famil\.stmcufinder\plugins\mcufinder//mcu/
2024-03-20 13:15:43,402 [INFO] DbMcusAds:125 - Set database path to: C:\Users\famil\.stmcufinder\plugins\mcufinder//mcu/
2024-03-20 13:15:43,526 [INFO] CrossReferenceDbSqlite:203 - Set database path to: C:\Users\famil\.stmcufinder\plugins\mcufinder//mcu/cs/
2024-03-20 13:15:43,776 [INFO] RulesReader:64 - Compatibility file has been processed (293 Rules)
2024-03-20 13:15:44,026 [INFO] DbMcusXml:78 - Set database path to: C:\ST\STM32CubeIDE_1.12.1\STM32CubeIDE\plugins\com.st.stm32cube.common.mx_6.8.1.202304191431\\db\/mcu/
2024-03-20 13:15:44,026 [INFO] ApiDb:274 - Set plugin database path to: C:\ST\STM32CubeIDE_1.12.1\STM32CubeIDE\plugins\com.st.stm32cube.common.mx_6.8.1.202304191431\\db\/plugins/boardmanager/
2024-03-20 13:15:44,027 [INFO] ApiDb:261 - Set plugin images path to: C:\ST\STM32CubeIDE_1.12.1\STM32CubeIDE\plugins\com.st.stm32cube.common.mx_6.8.1.202304191431\\db\/plugins/mcufinder/images/
2024-03-20 13:15:44,027 [WARN] DbFile:41 - Overriding database path with different value: C:\Users\famil\.stmcufinder\plugins\mcufinder/ => C:\Users\famil\.stmcufinder\plugins\mcufinder
2024-03-20 13:15:44,028 [INFO] ApiDb:250 - Set database path to: C:\Users\famil\.stmcufinder\plugins\mcufinder//mcu/
2024-03-20 13:15:44,028 [WARN] DbFile:41 - Overriding database path with different value: C:\Users\famil\.stmcufinder\plugins\mcufinder/ => C:\Users\famil\.stmcufinder\plugins\mcufinder
2024-03-20 13:15:44,028 [INFO] DbMcusAds:125 - Set database path to: C:\Users\famil\.stmcufinder\plugins\mcufinder//mcu/
2024-03-20 13:15:44,028 [WARN] DbFile:41 - Overriding database path with different value: C:\Users\famil\.stmcufinder\plugins\mcufinder/ => C:\Users\famil\.stmcufinder\plugins\mcufinder
2024-03-20 13:15:44,029 [WARN] DbFile:41 - Overriding database path with different value: C:\Users\famil\.stmcufinder\plugins\mcufinder/ => C:\Users\famil\.stmcufinder\plugins\mcufinder
2024-03-20 13:15:44,029 [INFO] CrossReferenceDbSqlite:203 - Set database path to: C:\Users\famil\.stmcufinder\plugins\mcufinder//mcu/cs/
2024-03-20 13:15:44,262 [INFO] MainPanel:253 - HeapMemory: 628097024
2024-03-20 13:15:44,472 [INFO] DbMcusXml:78 - Set database path to: C:\ST\STM32CubeIDE_1.12.1\STM32CubeIDE\plugins\com.st.stm32cube.common.mx_6.8.1.202304191431\\db\/mcu/
2024-03-20 13:15:44,472 [INFO] ApiDb:274 - Set plugin database path to: C:\ST\STM32CubeIDE_1.12.1\STM32CubeIDE\plugins\com.st.stm32cube.common.mx_6.8.1.202304191431\\db\/plugins/boardmanager/
2024-03-20 13:15:44,472 [INFO] ApiDb:261 - Set plugin images path to: C:\ST\STM32CubeIDE_1.12.1\STM32CubeIDE\plugins\com.st.stm32cube.common.mx_6.8.1.202304191431\\db\/plugins/mcufinder/images/
2024-03-20 13:15:44,474 [WARN] DbFile:41 - Overriding database path with different value: C:\Users\famil\.stmcufinder\plugins\mcufinder/ => C:\Users\famil\.stmcufinder\plugins\mcufinder
2024-03-20 13:15:44,474 [INFO] ApiDb:250 - Set database path to: C:\Users\famil\.stmcufinder\plugins\mcufinder//mcu/
2024-03-20 13:15:44,474 [WARN] DbFile:41 - Overriding database path with different value: C:\Users\famil\.stmcufinder\plugins\mcufinder/ => C:\Users\famil\.stmcufinder\plugins\mcufinder
2024-03-20 13:15:44,475 [INFO] DbMcusAds:125 - Set database path to: C:\Users\famil\.stmcufinder\plugins\mcufinder//mcu/
2024-03-20 13:15:44,475 [WARN] DbFile:41 - Overriding database path with different value: C:\Users\famil\.stmcufinder\plugins\mcufinder/ => C:\Users\famil\.stmcufinder\plugins\mcufinder
2024-03-20 13:15:44,475 [WARN] DbFile:41 - Overriding database path with different value: C:\Users\famil\.stmcufinder\plugins\mcufinder/ => C:\Users\famil\.stmcufinder\plugins\mcufinder
2024-03-20 13:15:44,475 [INFO] CrossReferenceDbSqlite:203 - Set database path to: C:\Users\famil\.stmcufinder\plugins\mcufinder//mcu/cs/
2024-03-20 13:15:44,526 [INFO] ApplicationProperties:184 - Using Application install path: C:\ST\STM32CubeIDE_1.12.1\STM32CubeIDE\plugins\com.st.stm32cube.common.mx_6.8.1.202304191431
2024-03-20 13:15:44,530 [INFO] PluginManage:196 - Search for loadable plugins [exclusion list=, ]
2024-03-20 13:15:44,534 [INFO] PluginManage:310 - Check plugin analytics
2024-03-20 13:15:44,895 [INFO] AnalyticsPlugin:253 - Accepted Software Licenses: 
2024-03-20 13:15:44,896 [INFO] AnalyticsPlugin:255 - Accepted CMSIS Pack Licenses: 
2024-03-20 13:15:44,897 [INFO] AnalyticsPlugin:257 - Accepted Firmware Licenses: FW.F4.1.27.0,FW.C0.1.0.0,FW.G0.1.6.0
2024-03-20 13:15:44,906 [INFO] PluginManage:359 - Loaded plugin analytics (category:tool,tabindex:-1)
2024-03-20 13:15:44,906 [INFO] PluginManage:310 - Check plugin cadmodel
2024-03-20 13:15:44,917 [INFO] CADModel:105 - Init CAD model plugin
2024-03-20 13:15:44,917 [INFO] PluginManage:359 - Loaded plugin cadmodel (category:power,tabindex:5)
2024-03-20 13:15:44,917 [INFO] PluginManage:310 - Check plugin clock
2024-03-20 13:15:44,936 [INFO] PluginManage:359 - Loaded plugin clock (category:base,tabindex:2)
2024-03-20 13:15:44,936 [INFO] PluginManage:310 - Check plugin ddr
2024-03-20 13:15:44,942 [INFO] PluginManage:359 - Loaded plugin ddr (category:tool,tabindex:6)
2024-03-20 13:15:44,942 [INFO] PluginManage:310 - Check plugin filemanager
2024-03-20 13:15:45,148 [INFO] PluginManage:359 - Loaded plugin filemanager (category:base,tabindex:10)
2024-03-20 13:15:45,149 [INFO] PluginManage:310 - Check plugin ipmanager
2024-03-20 13:15:45,165 [INFO] PluginManage:359 - Loaded plugin ipmanager (category:base,tabindex:5)
2024-03-20 13:15:45,165 [INFO] PluginManage:310 - Check plugin lpbam
2024-03-20 13:15:45,180 [INFO] PluginManage:359 - Loaded plugin lpbam (category:base,tabindex:0)
2024-03-20 13:15:45,181 [INFO] PluginManage:310 - Check plugin pinoutandconfiguration
2024-03-20 13:15:45,195 [INFO] PluginManage:359 - Loaded plugin pinoutandconfiguration (category:base,tabindex:1)
2024-03-20 13:15:45,195 [INFO] PluginManage:310 - Check plugin pinoutconfig
2024-03-20 13:15:45,332 [WARN] SupportedApi:132 - Cannot load RTOS API schema: s4s-elt-must-match.1: The content of 'definitions' must match (annotation?, (simpleType | complexType)?, (unique | key | keyref)*)). A problem was found starting at: attribute.
2024-03-20 13:15:45,548 [INFO] PluginManage:359 - Loaded plugin pinoutconfig (category:base,tabindex:0)
2024-03-20 13:15:45,548 [INFO] PluginManage:310 - Check plugin power
2024-03-20 13:15:45,585 [INFO] PluginManage:359 - Loaded plugin power (category:power,tabindex:4)
2024-03-20 13:15:45,586 [INFO] PluginManage:310 - Check plugin projectmanager
2024-03-20 13:15:45,615 [INFO] PluginManage:359 - Loaded plugin projectmanager (category:projectmanager,tabindex:3)
2024-03-20 13:15:45,615 [INFO] PluginManage:310 - Check plugin thirdparty
2024-03-20 13:15:45,808 [INFO] PluginManage:359 - Loaded plugin thirdparty (category:base,tabindex:-1)
2024-03-20 13:15:45,808 [WARN] IntegrityCheckThread:84 - waiting for thirdparty lock release [integrity check]
2024-03-20 13:15:45,808 [INFO] PluginManage:310 - Check plugin tools
2024-03-20 13:15:45,808 [INFO] IntegrityCheckThread:86 - entering critical section [integrity check]
2024-03-20 13:15:45,810 [INFO] ThirdPartyUpdaterWithRetryManager:70 - Updater plugin not ready yet. [1/15]
2024-03-20 13:15:45,812 [INFO] PluginManage:359 - Loaded plugin tools (category:base,tabindex:7)
2024-03-20 13:15:45,812 [INFO] PluginManage:310 - Check plugin tutovideos
2024-03-20 13:15:46,155 [INFO] PluginManage:359 - Loaded plugin tutovideos (category:base,tabindex:-1)
2024-03-20 13:15:46,155 [INFO] PluginManage:310 - Check plugin updater
2024-03-20 13:15:46,179 [INFO] PluginManage:359 - Loaded plugin updater (category:base,tabindex:12)
2024-03-20 13:15:46,180 [INFO] PluginManage:283 - PluginManage : Loaded plugins [15]
2024-03-20 13:15:46,714 [INFO] PinOutPanel:1499 - setPackage(No Configuration,No Configuration)
2024-03-20 13:15:46,852 [INFO] CADModel:165 - CPN selected for project level
2024-03-20 13:15:46,852 [INFO] CADModel:114 - Register for checkConnection events
2024-03-20 13:15:46,886 [INFO] IPUIPlugin:80 - create IPUIPlugin
2024-03-20 13:15:46,886 [INFO] PluginManager:220 - loadIPPluginJar : add adc
2024-03-20 13:15:46,890 [INFO] IPUIPlugin:80 - create IPUIPlugin
2024-03-20 13:15:46,890 [INFO] PluginManager:220 - loadIPPluginJar : add aes
2024-03-20 13:15:46,895 [INFO] IPUIPlugin:80 - create IPUIPlugin
2024-03-20 13:15:46,895 [INFO] PluginManager:220 - loadIPPluginJar : add can
2024-03-20 13:15:46,899 [INFO] IPUIPlugin:80 - create IPUIPlugin
2024-03-20 13:15:46,899 [INFO] PluginManager:220 - loadIPPluginJar : add comp
2024-03-20 13:15:46,904 [INFO] IPUIPlugin:80 - create IPUIPlugin
2024-03-20 13:15:46,905 [INFO] PluginManager:220 - loadIPPluginJar : add cryp
2024-03-20 13:15:46,909 [INFO] IPUIPlugin:80 - create IPUIPlugin
2024-03-20 13:15:46,909 [INFO] PluginManager:220 - loadIPPluginJar : add dfsdm
2024-03-20 13:15:46,919 [INFO] IPUIPlugin:80 - create IPUIPlugin
2024-03-20 13:15:46,920 [INFO] PluginManager:220 - loadIPPluginJar : add dma
2024-03-20 13:15:46,925 [INFO] IPUIPlugin:80 - create IPUIPlugin
2024-03-20 13:15:46,926 [INFO] PluginManager:220 - loadIPPluginJar : add dma3
2024-03-20 13:15:46,929 [INFO] IPUIPlugin:80 - create IPUIPlugin
2024-03-20 13:15:46,929 [INFO] PluginManager:220 - loadIPPluginJar : add fatfs
2024-03-20 13:15:46,938 [INFO] IPUIPlugin:80 - create IPUIPlugin
2024-03-20 13:15:46,938 [INFO] PluginManager:220 - loadIPPluginJar : add fmc
2024-03-20 13:15:46,948 [INFO] IPUIPlugin:80 - create IPUIPlugin
2024-03-20 13:15:46,948 [INFO] PluginManager:220 - loadIPPluginJar : add freertos
2024-03-20 13:15:46,951 [INFO] IPUIPlugin:80 - create IPUIPlugin
2024-03-20 13:15:46,951 [INFO] PluginManager:220 - loadIPPluginJar : add genericplugin
2024-03-20 13:15:46,955 [INFO] IPUIPlugin:80 - create IPUIPlugin
2024-03-20 13:15:46,955 [INFO] PluginManager:220 - loadIPPluginJar : add gfxmmu
2024-03-20 13:15:46,964 [INFO] IPUIPlugin:80 - create IPUIPlugin
2024-03-20 13:15:46,964 [INFO] PluginManager:220 - loadIPPluginJar : add gic
2024-03-20 13:15:46,969 [INFO] IPUIPlugin:80 - create IPUIPlugin
2024-03-20 13:15:46,970 [INFO] PluginManager:220 - loadIPPluginJar : add gpio
2024-03-20 13:15:46,974 [INFO] IPUIPlugin:80 - create IPUIPlugin
2024-03-20 13:15:46,974 [INFO] PluginManager:220 - loadIPPluginJar : add gtzc
2024-03-20 13:15:46,978 [INFO] IPUIPlugin:80 - create IPUIPlugin
2024-03-20 13:15:46,978 [INFO] PluginManager:220 - loadIPPluginJar : add hash
2024-03-20 13:15:46,983 [INFO] IPUIPlugin:80 - create IPUIPlugin
2024-03-20 13:15:46,984 [INFO] PluginManager:220 - loadIPPluginJar : add i2c
2024-03-20 13:15:46,988 [INFO] IPUIPlugin:80 - create IPUIPlugin
2024-03-20 13:15:46,988 [INFO] PluginManager:220 - loadIPPluginJar : add i2s
2024-03-20 13:15:46,992 [INFO] IPUIPlugin:80 - create IPUIPlugin
2024-03-20 13:15:46,992 [INFO] PluginManager:220 - loadIPPluginJar : add i3c
2024-03-20 13:15:46,998 [INFO] IPUIPlugin:80 - create IPUIPlugin
2024-03-20 13:15:46,998 [INFO] PluginManager:220 - loadIPPluginJar : add ipddr
2024-03-20 13:15:47,008 [INFO] IPUIPlugin:80 - create IPUIPlugin
2024-03-20 13:15:47,008 [INFO] PluginManager:220 - loadIPPluginJar : add linkedlist
2024-03-20 13:15:47,013 [INFO] IPUIPlugin:80 - create IPUIPlugin
2024-03-20 13:15:47,013 [INFO] PluginManager:220 - loadIPPluginJar : add lorawan
2024-03-20 13:15:47,015 [INFO] IPUIPlugin:80 - create IPUIPlugin
2024-03-20 13:15:47,016 [INFO] PluginManager:220 - loadIPPluginJar : add ltdc
2024-03-20 13:15:47,024 [INFO] IPUIPlugin:80 - create IPUIPlugin
2024-03-20 13:15:47,024 [INFO] PluginManager:220 - loadIPPluginJar : add mdma
2024-03-20 13:15:47,030 [INFO] IPUIPlugin:80 - create IPUIPlugin
2024-03-20 13:15:47,031 [INFO] PluginManager:220 - loadIPPluginJar : add nvic
2024-03-20 13:15:47,036 [INFO] IPUIPlugin:80 - create IPUIPlugin
2024-03-20 13:15:47,037 [INFO] PluginManager:220 - loadIPPluginJar : add opamp
2024-03-20 13:15:47,043 [INFO] IPUIPlugin:80 - create IPUIPlugin
2024-03-20 13:15:47,043 [INFO] PluginManager:220 - loadIPPluginJar : add openamp
2024-03-20 13:15:47,049 [INFO] IPUIPlugin:80 - create IPUIPlugin
2024-03-20 13:15:47,050 [INFO] PluginManager:220 - loadIPPluginJar : add pdm2pcm
2024-03-20 13:15:47,060 [INFO] IPUIPlugin:80 - create IPUIPlugin
2024-03-20 13:15:47,064 [INFO] PluginManager:220 - loadIPPluginJar : add plateformsettings
2024-03-20 13:15:47,067 [INFO] IPUIPlugin:80 - create IPUIPlugin
2024-03-20 13:15:47,067 [INFO] PluginManager:220 - loadIPPluginJar : add quadspi
2024-03-20 13:15:47,074 [INFO] IPUIPlugin:80 - create IPUIPlugin
2024-03-20 13:15:47,074 [INFO] PluginManager:220 - loadIPPluginJar : add resmgrutility
2024-03-20 13:15:47,080 [INFO] IPUIPlugin:80 - create IPUIPlugin
2024-03-20 13:15:47,080 [INFO] PluginManager:220 - loadIPPluginJar : add sai
2024-03-20 13:15:47,086 [INFO] IPUIPlugin:80 - create IPUIPlugin
2024-03-20 13:15:47,086 [INFO] PluginManager:220 - loadIPPluginJar : add spi
2024-03-20 13:15:47,096 [INFO] IPUIPlugin:80 - create IPUIPlugin
2024-03-20 13:15:47,096 [INFO] PluginManager:220 - loadIPPluginJar : add stm32_wpan
2024-03-20 13:15:47,101 [INFO] IPUIPlugin:80 - create IPUIPlugin
2024-03-20 13:15:47,101 [INFO] PluginManager:220 - loadIPPluginJar : add tim
2024-03-20 13:15:47,107 [INFO] IPUIPlugin:80 - create IPUIPlugin
2024-03-20 13:15:47,107 [INFO] PluginManager:220 - loadIPPluginJar : add touchsensing
2024-03-20 13:15:47,113 [INFO] IPUIPlugin:80 - create IPUIPlugin
2024-03-20 13:15:47,113 [INFO] PluginManager:220 - loadIPPluginJar : add tracer_emb
2024-03-20 13:15:47,118 [INFO] IPUIPlugin:80 - create IPUIPlugin
2024-03-20 13:15:47,119 [INFO] PluginManager:220 - loadIPPluginJar : add ts
2024-03-20 13:15:47,124 [INFO] IPUIPlugin:80 - create IPUIPlugin
2024-03-20 13:15:47,124 [INFO] PluginManager:220 - loadIPPluginJar : add tsc
2024-03-20 13:15:47,130 [INFO] IPUIPlugin:80 - create IPUIPlugin
2024-03-20 13:15:47,131 [INFO] PluginManager:220 - loadIPPluginJar : add ucpd
2024-03-20 13:15:47,138 [INFO] IPUIPlugin:80 - create IPUIPlugin
2024-03-20 13:15:47,138 [INFO] PluginManager:220 - loadIPPluginJar : add usart
2024-03-20 13:15:47,146 [INFO] IPUIPlugin:80 - create IPUIPlugin
2024-03-20 13:15:47,146 [INFO] PluginManager:220 - loadIPPluginJar : add usbx
2024-03-20 13:15:47,405 [INFO] CADModel:165 - CPN selected for project level
2024-03-20 13:15:47,405 [INFO] CADModel:114 - Register for checkConnection events
2024-03-20 13:15:47,405 [FATAL] Updater:308 - Updater called before beeing initialized
2024-03-20 13:15:47,406 [ERROR] CADModel:125 - Updater not yet initialized, retry later 
2024-03-20 13:15:47,650 [INFO] CADModel:165 - CPN selected for project level
2024-03-20 13:15:47,650 [INFO] CADModel:114 - Register for checkConnection events
2024-03-20 13:15:47,650 [FATAL] Updater:308 - Updater called before beeing initialized
2024-03-20 13:15:47,651 [ERROR] CADModel:125 - Updater not yet initialized, retry later 
2024-03-20 13:15:47,657 [FATAL] Updater:308 - Updater called before beeing initialized
2024-03-20 13:15:47,886 [FATAL] Updater:308 - Updater called before beeing initialized
2024-03-20 13:15:47,900 [INFO] DbMcusAds:53 - JSON generation date=Wed Nov 29 19:52:27 GMT+09:00 2023 (1701255147349)
2024-03-20 13:15:47,900 [FATAL] Updater:308 - Updater called before beeing initialized
2024-03-20 13:15:48,067 [WARN] DetailPanel:346 - Failed to get advertising image, set to default
2024-03-20 13:15:48,371 [FATAL] Updater:308 - Updater called before beeing initialized
2024-03-20 13:15:48,377 [FATAL] Updater:308 - Updater called before beeing initialized
2024-03-20 13:15:48,377 [FATAL] Updater:308 - Updater called before beeing initialized
2024-03-20 13:15:48,378 [WARN] DetailPanel:346 - Failed to get advertising image, set to default
2024-03-20 13:15:48,380 [FATAL] Updater:308 - Updater called before beeing initialized
2024-03-20 13:15:48,542 [ERROR] Updater:1120 - MainUpdater not yet initialized. External WinMGr cannot be set.
2024-03-20 13:15:48,548 [INFO] Updater:1056 - Updater Version found : 6.8.1
2024-03-20 13:15:48,604 [INFO] ApplicationProperties:184 - Using Application install path: C:\ST\STM32CubeIDE_1.12.1\STM32CubeIDE\plugins\com.st.stm32cube.common.mx_6.8.1.202304191431
2024-03-20 13:15:48,824 [INFO] ThirdPartyUpdaterWithRetryManager:70 - Updater plugin not ready yet. [2/15]
2024-03-20 13:15:48,903 [INFO] MainUpdater:2854 - connection check result : 10
2024-03-20 13:15:48,904 [INFO] MainUpdater:3548 - Updater definition file requires update
2024-03-20 13:15:48,906 [INFO] MainUpdater:283 - Updater Check For Update Now.
2024-03-20 13:15:48,907 [INFO] MicroXplorer:498 - Change Database Version : DB.6.0.81
2024-03-20 13:15:48,926 [INFO] ServerAccessManage:473 - Download File updaters.zip
2024-03-20 13:15:49,001 [INFO] FileExtend:240 - Unzip File : updaters.zip
2024-03-20 13:15:49,002 [INFO] FileExtend:255 - Standard Zip Deflate
2024-03-20 13:15:49,767 [INFO] ServerAccessManage:473 - Download File PacksControlFlags.xml
2024-03-20 13:15:49,897 [INFO] ServerAccessManage:473 - Download File cubemx.pidx
2024-03-20 13:15:51,137 [INFO] ServerAccessManage:473 - Download File STMicroelectronics.X-CUBE-NFC6.pdsc
2024-03-20 13:15:51,830 [WARN] MainUpdater:1187 - Updater busy. Cannot search thirdparties
2024-03-20 13:15:51,831 [INFO] ThirdPartyUpdaterWithRetryManager:96 - Updater plugin is busy. [1/15]
2024-03-20 13:15:52,299 [WARN] PackLoader:240 - Cannot read IP mode file for STMicroelectronics.X-CUBE-NFC6.3.1.0
2024-03-20 13:15:52,311 [INFO] PopulateThirdPartyThread:66 - Ending populate Thread
2024-03-20 13:15:52,320 [INFO] ThirdParty:1030 - CMSIS Pack Vendor :STMicroelectronics X-CUBE-NFC6 3.1.0
2024-03-20 13:15:52,321 [INFO] LoadServerUpdatesThread:373 - End of LoadServerUpdate Thread
2024-03-20 13:15:52,348 [INFO] CheckServerUpdateThread:120 - End of CheckServer Thread
2024-03-20 13:15:52,452 [INFO] MainUpdater:2854 - connection check result : 10
2024-03-20 13:15:52,454 [INFO] MainUpdater:2854 - connection check result : 10
2024-03-20 13:15:52,634 [INFO] MicroXplorer:468 - Change Database Path : 
2024-03-20 13:15:52,635 [INFO] MicroXplorer:498 - Change Database Version : DB.6.0.81
2024-03-20 13:15:52,636 [WARN] ThirdParty:871 - waiting for thirdparty lock release [close project]
2024-03-20 13:15:55,262 [WARN] PackLoader:240 - Cannot read IP mode file for STMicroelectronics.X-CUBE-SMBUS.2.1.0
2024-03-20 13:15:55,268 [WARN] PackLoader:240 - Cannot read IP mode file for STMicroelectronics.X-CUBE-TOUCHGFX.4.23.0
2024-03-20 13:15:55,299 [WARN] PackLoader:240 - Cannot read IP mode file for STMicroelectronics.X-CUBE-AZRTOS-F7.1.1.0
2024-03-20 13:15:55,315 [WARN] PackLoader:240 - Cannot read IP mode file for STMicroelectronics.FP-SNS-MOTENV1.4.3.2
2024-03-20 13:15:55,327 [WARN] PackLoader:240 - Cannot read IP mode file for STMicroelectronics.X-CUBE-BLE1.6.2.4
2024-03-20 13:15:55,335 [WARN] PackLoader:240 - Cannot read IP mode file for STMicroelectronics.FP-SNS-FLIGHT1.5.0.2
2024-03-20 13:15:55,348 [WARN] PackLoader:240 - Cannot read IP mode file for STMicroelectronics.X-CUBE-DISPLAY.3.0.0
2024-03-20 13:15:55,365 [WARN] PackLoader:240 - Cannot read IP mode file for STMicroelectronics.X-CUBE-BLE1.7.0.0
2024-03-20 13:15:55,385 [WARN] PackLoader:240 - Cannot read IP mode file for STMicroelectronics.X-CUBE-BLEMGR.3.1.0
2024-03-20 13:15:55,400 [WARN] PackLoader:240 - Cannot read IP mode file for STMicroelectronics.FP-SNS-SMARTAG2.1.2.0
2024-03-20 13:15:55,415 [INFO] LogOutputStream:77 - [STDOUT_REDIRECT] 1 : Invalid condition id : UX_CORESTACK_Condition cause : null
2024-03-20 13:15:55,416 [INFO] LogOutputStream:77 - [STDOUT_REDIRECT] 1 : Invalid condition id : UX_CORESTACK_Condition cause : null
2024-03-20 13:15:55,419 [INFO] LogOutputStream:77 - [STDOUT_REDIRECT] 1 : Invalid condition id : UX_CORESTACK_Condition cause : null
2024-03-20 13:15:55,421 [INFO] LogOutputStream:77 - [STDOUT_REDIRECT] 1 : Invalid condition id : UX_CORESTACK_Condition cause : null
2024-03-20 13:15:55,424 [INFO] LogOutputStream:77 - [STDOUT_REDIRECT] 1 : Invalid condition id : UX_CORESTACK_Condition cause : null
2024-03-20 13:15:55,432 [WARN] PackLoader:240 - Cannot read IP mode file for STMicroelectronics.X-CUBE-AZRTOS-WL.2.0.0
2024-03-20 13:15:55,444 [WARN] PackLoader:240 - Cannot read IP mode file for WES.I-CUBE-Cesium.1.3.0
2024-03-20 13:15:55,453 [WARN] PackLoader:240 - Cannot read IP mode file for STMicroelectronics.X-CUBE-BLE2.3.3.0
2024-03-20 13:15:55,459 [WARN] PackLoader:240 - Cannot read IP mode file for STMicroelectronics.X-CUBE-TOUCHGFX.4.21.3
2024-03-20 13:15:55,470 [WARN] PackLoader:240 - Cannot read IP mode file for STMicroelectronics.X-CUBE-ALGOBUILD.1.3.0
2024-03-20 13:15:55,502 [WARN] PackLoader:240 - Cannot read IP mode file for STMicroelectronics.X-CUBE-AZRTOS-G0.1.1.0
2024-03-20 13:15:55,517 [WARN] PackLoader:240 - Cannot read IP mode file for STMicroelectronics.X-CUBE-NFC4.3.0.0
2024-03-20 13:15:55,531 [WARN] PackLoader:240 - Cannot read IP mode file for STMicroelectronics.X-CUBE-BLEMGR.3.0.0
2024-03-20 13:15:55,539 [WARN] PackLoader:240 - Cannot read IP mode file for STMicroelectronics.FP-ATR-SIGFOX1.3.2.0
2024-03-20 13:15:55,548 [WARN] PackLoader:240 - Cannot read IP mode file for STMicroelectronics.X-CUBE-EEPRMA1.5.1.0
2024-03-20 13:15:55,608 [WARN] PackLoader:240 - Cannot read IP mode file for SEGGER.I-CUBE-embOS.1.3.1
2024-03-20 13:15:55,708 [WARN] PackLoader:240 - Cannot read IP mode file for STMicroelectronics.X-CUBE-GNSS1.6.0.0
2024-03-20 13:15:55,729 [WARN] PackLoader:240 - Cannot read IP mode file for STMicroelectronics.X-CUBE-AZRTOS-F4.1.1.0
2024-03-20 13:15:55,742 [WARN] PackLoader:240 - Cannot read IP mode file for wolfSSL.I-CUBE-wolfSSL.5.6.0
2024-03-20 13:15:55,773 [WARN] PackLoader:240 - Cannot read IP mode file for STMicroelectronics.X-CUBE-AZRTOS-L5.2.0.0
2024-03-20 13:15:55,873 [WARN] PackLoader:240 - Cannot read IP mode file for STMicroelectronics.X-CUBE-MEMS1.9.6.0
2024-03-20 13:15:56,225 [WARN] PackLoader:240 - Cannot read IP mode file for STMicroelectronics.X-CUBE-EEPRMA1.4.2.0
2024-03-20 13:15:56,241 [WARN] PackLoader:240 - Cannot read IP mode file for STMicroelectronics.X-CUBE-NFC6.3.1.0
2024-03-20 13:15:56,256 [WARN] PackLoader:240 - Cannot read IP mode file for ITTIA_DB.I-CUBE-ITTIADB.8.8.0
2024-03-20 13:15:56,269 [WARN] PackLoader:240 - Cannot read IP mode file for emotas.I-CUBE-CANOPEN.1.1.3
2024-03-20 13:15:56,286 [WARN] PackLoader:240 - Cannot read IP mode file for STMicroelectronics.X-CUBE-BLEMGR.2.0.0
2024-03-20 13:15:56,325 [WARN] ConditionMgr:438 - getConditionDescription Invalid condition id : UX DEVICE CLASS RTOS Condition cause : null
2024-03-20 13:15:56,326 [WARN] ConditionMgr:438 - getConditionDescription Invalid condition id : UX DEVICE CLASS RTOS Condition cause : null
2024-03-20 13:15:56,333 [WARN] PackLoader:240 - Cannot read IP mode file for STMicroelectronics.X-CUBE-AZRTOS-H7.3.1.0
2024-03-20 13:15:56,335 [WARN] ConditionMgr:1039 - genDependencies : Invalid condition id : UX DEVICE CLASS RTOS Condition cause : null
2024-03-20 13:15:56,336 [WARN] ConditionMgr:1039 - genDependencies : Invalid condition id : UX DEVICE CLASS RTOS Condition cause : null
2024-03-20 13:15:56,337 [WARN] ConditionMgr:1039 - genDependencies : Invalid condition id : UX DEVICE CLASS RTOS Condition cause : null
2024-03-20 13:15:56,338 [WARN] ConditionMgr:1039 - genDependencies : Invalid condition id : UX DEVICE CLASS RTOS Condition cause : null
2024-03-20 13:15:56,338 [WARN] ConditionMgr:1039 - genDependencies : Invalid condition id : UX DEVICE CLASS RTOS Condition cause : null
2024-03-20 13:15:56,350 [WARN] PackLoader:240 - Cannot read IP mode file for STMicroelectronics.X-CUBE-NFC7.1.0.1
2024-03-20 13:15:56,362 [WARN] PackLoader:240 - Cannot read IP mode file for STMicroelectronics.X-CUBE-NFC7.1.0.0
2024-03-20 13:15:56,376 [WARN] PackLoader:240 - Cannot read IP mode file for STMicroelectronics.X-CUBE-NFC6.3.0.0
2024-03-20 13:15:56,392 [WARN] PackLoader:240 - Cannot read IP mode file for STMicroelectronics.X-CUBE-EEPRMA1.4.1.0
2024-03-20 13:15:56,402 [WARN] PackLoader:240 - Cannot read IP mode file for STMicroelectronics.X-CUBE-AI.8.1.0
2024-03-20 13:15:56,442 [WARN] ConditionMgr:438 - getConditionDescription Invalid condition id : LAN8742 Phy interface Condition cause : null
2024-03-20 13:15:56,460 [WARN] PackLoader:240 - Cannot read IP mode file for STMicroelectronics.X-CUBE-AZRTOS-L4.2.0.0
2024-03-20 13:15:56,463 [WARN] ConditionMgr:1039 - genDependencies : Invalid condition id : LAN8742 Phy interface Condition cause : null
2024-03-20 13:15:56,464 [WARN] ConditionMgr:1039 - genDependencies : Invalid condition id : LAN8742 Phy interface Condition cause : null
2024-03-20 13:15:56,466 [WARN] ConditionMgr:1039 - genDependencies : Invalid condition id : LAN8742 Phy interface Condition cause : null
2024-03-20 13:15:56,485 [WARN] PackLoader:240 - Cannot read IP mode file for STMicroelectronics.X-CUBE-SFXS2LP1.4.0.0
2024-03-20 13:15:56,496 [WARN] PackLoader:240 - Cannot read IP mode file for STMicroelectronics.X-CUBE-ISPU.1.1.0
2024-03-20 13:15:56,503 [WARN] PackLoader:240 - Cannot read IP mode file for STMicroelectronics.X-CUBE-AI.8.0.0
2024-03-20 13:15:56,528 [WARN] ConditionMgr:438 - getConditionDescription Invalid condition id : UX DEVICE CLASS RTOS Condition cause : null
2024-03-20 13:15:56,528 [WARN] ConditionMgr:438 - getConditionDescription Invalid condition id : UX DEVICE CLASS RTOS Condition cause : null
2024-03-20 13:15:56,534 [WARN] PackLoader:240 - Cannot read IP mode file for STMicroelectronics.X-CUBE-AZRTOS-WB.2.0.0
2024-03-20 13:15:56,535 [WARN] ConditionMgr:1039 - genDependencies : Invalid condition id : UX DEVICE CLASS RTOS Condition cause : null
2024-03-20 13:15:56,535 [WARN] ConditionMgr:1039 - genDependencies : Invalid condition id : UX DEVICE CLASS RTOS Condition cause : null
2024-03-20 13:15:56,536 [WARN] ConditionMgr:1039 - genDependencies : Invalid condition id : UX DEVICE CLASS RTOS Condition cause : null
2024-03-20 13:15:56,537 [WARN] ConditionMgr:1039 - genDependencies : Invalid condition id : UX DEVICE CLASS RTOS Condition cause : null
2024-03-20 13:15:56,537 [WARN] ConditionMgr:1039 - genDependencies : Invalid condition id : UX DEVICE CLASS RTOS Condition cause : null
2024-03-20 13:15:56,547 [WARN] PackLoader:240 - Cannot read IP mode file for STMicroelectronics.X-CUBE-FREERTOS.1.0.1
2024-03-20 13:15:56,576 [WARN] PackLoader:240 - Cannot read IP mode file for STMicroelectronics.X-CUBE-AZRTOS-L5.1.1.0
2024-03-20 13:15:56,599 [WARN] PackLoader:240 - Cannot read IP mode file for STMicroelectronics.X-CUBE-SUBG2.5.0.0
2024-03-20 13:15:56,640 [WARN] PackLoader:240 - Cannot read IP mode file for STMicroelectronics.X-CUBE-AZRTOS-G4.2.0.0
2024-03-20 13:15:56,659 [WARN] PackLoader:240 - Cannot read IP mode file for STMicroelectronics.X-CUBE-TOF1.3.3.0
2024-03-20 13:15:56,687 [WARN] PackLoader:240 - Cannot read IP mode file for Infineon.AIROC-Wi-Fi-Bluetooth-STM32.1.5.1
2024-03-20 13:15:56,697 [WARN] PackLoader:240 - Cannot read IP mode file for STMicroelectronics.FP-SNS-MOTENVWB1.1.3.1
2024-03-20 13:15:56,725 [WARN] PackLoader:240 - Cannot read IP mode file for STMicroelectronics.X-CUBE-AZRTOS-L4.1.0.0
2024-03-20 13:15:56,735 [WARN] PackLoader:240 - Cannot read IP mode file for STMicroelectronics.X-CUBE-ISPU.2.0.0
2024-03-20 13:15:56,843 [WARN] PackLoader:240 - Cannot read IP mode file for STMicroelectronics.X-CUBE-MEMS1.10.0.0
2024-03-20 13:15:57,128 [WARN] PackLoader:240 - Cannot read IP mode file for STMicroelectronics.X-CUBE-FREERTOS.1.1.0
2024-03-20 13:15:57,145 [WARN] PackLoader:240 - Cannot read IP mode file for STMicroelectronics.X-CUBE-AZRTOS-WL.1.0.0
2024-03-20 13:15:57,156 [WARN] PackLoader:240 - Cannot read IP mode file for portGmbH.I-Cube-SoM-uGOAL.1.1.0
2024-03-20 13:15:57,164 [WARN] PackLoader:240 - Cannot read IP mode file for STMicroelectronics.X-CUBE-ALS.1.0.1
2024-03-20 13:15:57,184 [WARN] PackLoader:240 - Cannot read IP mode file for STMicroelectronics.X-CUBE-AZRTOS-WB.1.1.0
2024-03-20 13:15:57,193 [WARN] PackLoader:240 - Cannot read IP mode file for STMicroelectronics.FP-ATR-ASTRA1.2.0.0
2024-03-20 13:15:57,210 [WARN] PackLoader:240 - Cannot read IP mode file for STMicroelectronics.X-CUBE-TOF1.3.4.0
2024-03-20 13:15:57,250 [WARN] PackLoader:240 - Cannot read IP mode file for STMicroelectronics.X-CUBE-TOF1.3.4.1
2024-03-20 13:15:57,313 [WARN] PackLoader:240 - Cannot read IP mode file for STMicroelectronics.X-CUBE-AZRTOS-H7.3.2.0
2024-03-20 13:15:57,320 [INFO] ThirdParty:978 - Integrity check success = true
2024-03-20 13:15:57,320 [INFO] IntegrityCheckThread:100 - exiting critical section [integrity check]
2024-03-20 13:15:57,321 [INFO] ThirdParty:873 - entering critical section [close project]
2024-03-20 13:15:57,321 [INFO] IntegrityCheckThread:103 - End integrity checks thread
2024-03-20 13:15:57,326 [INFO] ThirdParty:883 - exiting critical section [close project]
2024-03-20 13:15:57,337 [INFO] PinOutPanel:1499 - setPackage(No Configuration,No Configuration)
2024-03-20 13:15:57,347 [INFO] UtilMem:75 - Begin LoadConfig() Used Memory: 633212928 Bytes (830472192)
2024-03-20 13:15:57,349 [INFO] MicroXplorer:468 - Change Database Path : 
2024-03-20 13:15:57,350 [INFO] MicroXplorer:498 - Change Database Version : DB.6.0.81
2024-03-20 13:15:57,350 [INFO] OpenFileManager:308 - Change cursor
2024-03-20 13:15:57,415 [INFO] Mcu:1937 - Initializing MCU STM32F446R(C-E)Tx STM32F446RETx STM32F446RET6
2024-03-20 13:16:00,393 [INFO] Context:659 - Trying to add GPIOservice into a context  which must be forbidden
2024-03-20 13:16:01,770 [INFO] RtosManager:555 - Registered RTOS mode: class=CMSIS, group=RTOS, mode=CMSIS_V1, owner=FREERTOS
2024-03-20 13:16:01,771 [INFO] RtosManager:555 - Registered RTOS mode: class=CMSIS, group=RTOS2, mode=CMSIS_V2, owner=FREERTOS
2024-03-20 13:16:01,771 [INFO] RtosManager:555 - Registered RTOS mode: class=RTOS, group=Core, mode=CMSIS_V1, owner=FREERTOS
2024-03-20 13:16:01,771 [INFO] RtosManager:555 - Registered RTOS mode: class=RTOS, group=Core, mode=CMSIS_V2, owner=FREERTOS
2024-03-20 13:16:01,772 [WARN] ModelIntegratedComponent:184 - Missing modes for component STMicroelectronics:FreeRTOS:0.0.1:STMicroelectronics:RTOS:FreeRTOS:Core:::10.2.0:
2024-03-20 13:16:01,810 [WARN] ModelIntegratedComponent:63 - No mode defined for component null
2024-03-20 13:16:01,810 [WARN] ModelIntegratedComponent:63 - No mode defined for component null
2024-03-20 13:16:01,810 [WARN] ModelIntegratedComponent:63 - No mode defined for component null
2024-03-20 13:16:01,810 [WARN] ModelIntegratedComponent:63 - No mode defined for component null
2024-03-20 13:16:01,810 [WARN] ModelIntegratedComponent:63 - No mode defined for component null
2024-03-20 13:16:01,810 [WARN] ModelIntegratedComponent:63 - No mode defined for component null
2024-03-20 13:16:01,810 [WARN] ModelIntegratedComponent:63 - No mode defined for component null
2024-03-20 13:16:01,810 [WARN] ModelIntegratedComponent:63 - No mode defined for component null
2024-03-20 13:16:01,810 [WARN] ModelIntegratedComponent:63 - No mode defined for component null
2024-03-20 13:16:01,810 [WARN] ModelIntegratedComponent:63 - No mode defined for component null
2024-03-20 13:16:01,810 [WARN] ModelIntegratedComponent:63 - No mode defined for component null
2024-03-20 13:16:01,810 [WARN] ModelIntegratedComponent:63 - No mode defined for component null
2024-03-20 13:16:01,810 [WARN] ModelIntegratedComponent:63 - No mode defined for component null
2024-03-20 13:16:01,810 [WARN] ModelIntegratedComponent:63 - No mode defined for component null
2024-03-20 13:16:01,811 [WARN] ModelIntegratedComponent:63 - No mode defined for component null
2024-03-20 13:16:01,811 [WARN] ModelIntegratedComponent:63 - No mode defined for component null
2024-03-20 13:16:01,811 [WARN] ModelIntegratedComponent:63 - No mode defined for component null
2024-03-20 13:16:01,811 [WARN] ModelIntegratedComponent:63 - No mode defined for component null
2024-03-20 13:16:01,811 [WARN] ModelIntegratedComponent:63 - No mode defined for component null
2024-03-20 13:16:01,811 [WARN] ModelIntegratedComponent:63 - No mode defined for component null
2024-03-20 13:16:01,811 [WARN] ModelIntegratedComponent:63 - No mode defined for component null
2024-03-20 13:16:01,811 [WARN] ModelIntegratedComponent:63 - No mode defined for component null
2024-03-20 13:16:01,811 [WARN] ModelIntegratedComponent:63 - No mode defined for component null
2024-03-20 13:16:01,813 [WARN] ModelIntegratedComponent:63 - No mode defined for component null
2024-03-20 13:16:01,813 [WARN] ModelIntegratedComponent:63 - No mode defined for component null
2024-03-20 13:16:01,813 [WARN] ModelIntegratedComponent:63 - No mode defined for component null
2024-03-20 13:16:01,813 [WARN] ModelIntegratedComponent:63 - No mode defined for component null
2024-03-20 13:16:01,813 [WARN] ModelIntegratedComponent:63 - No mode defined for component null
2024-03-20 13:16:01,813 [WARN] ModelIntegratedComponent:63 - No mode defined for component null
2024-03-20 13:16:01,813 [WARN] ModelIntegratedComponent:63 - No mode defined for component null
2024-03-20 13:16:01,813 [WARN] ModelIntegratedComponent:63 - No mode defined for component null
2024-03-20 13:16:01,813 [WARN] ModelIntegratedComponent:63 - No mode defined for component null
2024-03-20 13:16:01,813 [WARN] ModelIntegratedComponent:63 - No mode defined for component null
2024-03-20 13:16:02,074 [INFO] ThirdPartyModel:298 - Start build external matchings
2024-03-20 13:16:03,411 [INFO] ThirdPartyModel:316 - End build external matchings
2024-03-20 13:16:03,975 [INFO] UtilMem:75 - End LoadConfig() Used Memory: 632813256 Bytes (830472192)
2024-03-20 13:16:04,177 [INFO] ApiDb:581 - Connected to CubeFinder SQLite database (C:\Users\famil\.stmcufinder\plugins\mcufinder\mcu\cube-finder-db.db)
2024-03-20 13:16:04,306 [INFO] ApiDb:668 - CubeFinder database Data Model version=2.1
2024-03-20 13:16:04,306 [INFO] ApiDb:669 - CubeFinder database Configuration version=3.0.39
2024-03-20 13:16:04,306 [INFO] ApiDb:670 - CubeFinder database generation date=2024-02-19 (1708350410)
2024-03-20 13:16:04,307 [INFO] ApiDb:671 - CubeFinder database FW Pack versions=[FP-ATR-ASTRA1_V2.0.0, FP-SNS-FLIGHT1_V5.0.1, FP-SNS-FLIGHT1_V5.0.2, FP-SNS-MOTENV1_V4.3.1, FP-SNS-MOTENV1_V4.3.2, FP-SNS-MOTENVWB1_V1.3.1, FP-SNS-SMARTAG2_V1.2.0, STM32Cube_FW_C0_V1.1.0, STM32Cube_FW_F4_V1.28.0, STM32Cube_FW_F7_V1.17.0, STM32Cube_FW_G0_V1.6.2, STM32Cube_FW_G4_V1.5.2, STM32Cube_FW_H5_V0.5.1, STM32Cube_FW_H5_V1.1.1, STM32Cube_FW_H5_V1.2.0RC2, STM32Cube_FW_H7_V1.11.0, STM32Cube_FW_L0_V1.12.2, STM32Cube_FW_L5_V1.5.0, STM32Cube_FW_U5_V1.3.0RC4, STM32Cube_FW_U5_V1.4.0, STM32Cube_FW_WBA_V1.0.0RC1, STM32Cube_FW_WBA_V1.1.0RC1, STM32Cube_FW_WBA_V1.2.0, STM32Cube_FW_WBA_V1.2.0RC2, STM32Cube_FW_WB_V1.15.0RC1, STM32Cube_FW_WB_V1.16.0, STM32Cube_FW_WB_V1.16.0RC2, STM32Cube_FW_WB_V1.18.0, STM32Cube_FW_WL_V1.3.0, X-CUBE-ALGOBUILD_V1.3.0, X-CUBE-ALS_V1.0.1, X-CUBE-AZRTOS-F4_V1.1.0, X-CUBE-AZRTOS-F7_V1.1.0, X-CUBE-AZRTOS-G0_V1.1.0, X-CUBE-AZRTOS-G4_V2.0.0, X-CUBE-AZRTOS-H7_V3.2.0, X-CUBE-AZRTOS-L4_V1.0.0, X-CUBE-AZRTOS-L4_V2.0.0, X-CUBE-AZRTOS-L5_V1.1.0, X-CUBE-AZRTOS-WB_V2.0.0, X-CUBE-AZRTOS-WL_V2.0.0, X-CUBE-BLE1_V7.0.0, X-CUBE-BLE2_V3.3.0, X-CUBE-BLEMGR_V3.0.0, X-CUBE-EEPRMA1_V4.1.0, X-CUBE-EEPRMA1_V5.1.0, X-CUBE-FREERTOS_V1.1.0, X-CUBE-GNSS1_V6.0.0, X-CUBE-MEMS1_V10.0.0, X-CUBE-MEMS1_V9.1.0, X-CUBE-MEMS1_V9.4.0, X-CUBE-MEMS1_V9.6.0, X-CUBE-NFC4_V3.0.0, X-CUBE-NFC7_V1.0.1, X-CUBE-SFXS2LP1_V4.0.0, X-CUBE-SUBG2_V5.0.0, X-CUBE-TOF1_V3.4.0]
2024-03-20 13:16:08,519 [INFO] ApiDb:240 - Found 297 in-development CPN: [B-G473E-ZEST1S, B-WB1M-WPAN1, B-WL5M-SUBG1, NUCLEO-C031C6, NUCLEO-H503RB, NUCLEO-H563ZI, NUCLEO-U545RE-Q, NUCLEO-U5A5ZJ-Q, NUCLEO-WBA52CG, STEVAL-PROTEUS1, STEVAL-STWINBX1, STM320518-EVAL, STM32C0116-DK, STM32C011D6Y3TR, STM32C011D6Y6TR, STM32C011F4P3, STM32C011F4P6, STM32C011F4U3, STM32C011F4U6TR, STM32C011F6P3, STM32C011F6P6, STM32C011F6U3, STM32C011F6U6TR, STM32C011J4M3, STM32C011J4M6, STM32C011J6M3, STM32C011J6M6, STM32C0316-DK, STM32C031C4T3, STM32C031C4T6, STM32C031C4U3, STM32C031C4U6, STM32C031C6T3, STM32C031C6T6, STM32C031C6U3, STM32C031C6U6, STM32C031F4P3, STM32C031F4P6, STM32C031F6P3, STM32C031F6P6, STM32C031G4U3, STM32C031G4U6, STM32C031G6U3, STM32C031G6U6, STM32C031K4T3, STM32C031K4T6, STM32C031K4U3, STM32C031K4U6, STM32C031K6T3, STM32C031K6T6, STM32C031K6U3, STM32C031K6U6, STM32G071K8TXN, STM32G071K8UXN, STM32G081GBU6N, STM32G081KBT6N, STM32G081KBUXN, STM32G0B1CCT6N, STM32G0B1KCT6, STM32G0B1NEY6TR, STM32G0B1RCT6N, STM32G0C1CCT6, STM32G0C1CCT6N, STM32G0C1CCU6N, STM32G0C1CET6N, STM32G0C1CEU6N, STM32G0C1KCT6, STM32G0C1NEY6TR, STM32G0C1RCI6N, STM32G0C1RCT6N, STM32G0C1REI6N, STM32G0C1RET6N, STM32G0C1VCI6, STM32G0C1VEI6, STM32G471CCT6, STM32G471CCU6, STM32G471CET3, STM32G471CET6, STM32G471CEU3, STM32G471CEU6, STM32G471MCT6, STM32G471MET3, STM32G471MET6, STM32G471MEY6TR, STM32G471QCT6, STM32G471QET3, STM32G471RCT6, STM32G471RET3, STM32G471RET6, STM32G471VCH6, STM32G471VCI6, STM32G471VCT6, STM32G471VEH3, STM32G471VEH6, STM32G471VEI3, STM32G471VEI6, STM32G471VET3, STM32G471VET6, STM32G474CCT6, STM32H503CBT6, STM32H503CBU6, STM32H503EBY6TR, STM32H503KBU6, STM32H503RBT6, STM32H562AGI6, STM32H562AII6, STM32H562IGK6, STM32H562IGT6, STM32H562IIK6, STM32H562IIT6, STM32H562RGT6, STM32H562RGV6, STM32H562RIT6, STM32H562RIV6, STM32H562VGT6, STM32H562VIT6, STM32H562ZGT6, STM32H562ZIT6, STM32H563AGI6, STM32H563AII3Q, STM32H563AII6, STM32H563IGK6, STM32H563IGT6, STM32H563IIK3Q, STM32H563IIK6, STM32H563IIT3Q, STM32H563IIT6, STM32H563MIY3QTR, STM32H563RGT6, STM32H563RGV6, STM32H563RIT6, STM32H563RIV6, STM32H563VGT6, STM32H563VIT3Q, STM32H563VIT6, STM32H563ZGT6, STM32H563ZIT3Q, STM32H563ZIT6, STM32H573AII3Q, STM32H573AII6, STM32H573I-DK, STM32H573IIK3Q, STM32H573IIK6, STM32H573IIT3Q, STM32H573IIT6, STM32H573MIY3QTR, STM32H573RIT6, STM32H573RIV6, STM32H573VIT3Q, STM32H573VIT6, STM32H573ZIT3Q, STM32H573ZIT6, STM32L4R5QGI6STR, STM32MP131AAE3, STM32MP131AAF3, STM32MP131AAG3, STM32MP131CAE3, STM32MP131CAF3, STM32MP131CAG3, STM32MP131DAE7, STM32MP131DAF7, STM32MP131DAG7, STM32MP131FAE7, STM32MP131FAF7, STM32MP131FAG7, STM32MP133AAE3, STM32MP133AAF3, STM32MP133AAG3, STM32MP133CAE3, STM32MP133CAF3, STM32MP133CAG3, STM32MP133DAE7, STM32MP133DAF7, STM32MP133DAG7, STM32MP133FAE7, STM32MP133FAF7, STM32MP133FAG7, STM32MP135AAE3, STM32MP135AAF3, STM32MP135AAG3, STM32MP135CAE3, STM32MP135CAF3, STM32MP135CAG3, STM32MP135DAE7, STM32MP135DAF7, STM32MP135DAG7, STM32MP135F-DK, STM32MP135FAE7, STM32MP135FAF7, STM32MP135FAF7T, STM32MP135FAF7U, STM32MP135FAG7, STM32U535CBT6, STM32U535CBT6Q, STM32U535CBU6, STM32U535CBU6Q, STM32U535CCT6, STM32U535CCT6Q, STM32U535CCU6, STM32U535CCU6Q, STM32U535CET6, STM32U535CET6Q, STM32U535CEU6, STM32U535CEU6Q, STM32U535JEY6QTR, STM32U535NCY6QTR, STM32U535NEY6QTR, STM32U535RBI6, STM32U535RBI6Q, STM32U535RBT6, STM32U535RBT6Q, STM32U535RCI6, STM32U535RCI6Q, STM32U535RCT6, STM32U535RCT6Q, STM32U535REI6, STM32U535REI6Q, STM32U535RET6, STM32U535RET6Q, STM32U535VCI6, STM32U535VCI6Q, STM32U535VCT6, STM32U535VCT6Q, STM32U535VEI6, STM32U535VEI6Q, STM32U535VET6, STM32U535VET6Q, STM32U545CET6, STM32U545CET6Q, STM32U545CEU6, STM32U545CEU6Q, STM32U545JEY6QTR, STM32U545NEY6QTR, STM32U545REI6, STM32U545REI6Q, STM32U545RET6, STM32U545RET6Q, STM32U545VEI6, STM32U545VEI6Q, STM32U545VET6, STM32U545VET6Q, STM32U595AIH6, STM32U595AIH6Q, STM32U595AJH6, STM32U595AJH6Q, STM32U595QII6, STM32U595QII6Q, STM32U595QJI6, STM32U595QJI6Q, STM32U595RIT6, STM32U595RIT6Q, STM32U595RJT6, STM32U595RJT6Q, STM32U595VIT6, STM32U595VIT6Q, STM32U595VJT6, STM32U595VJT6Q, STM32U595ZIT6, STM32U595ZIT6Q, STM32U595ZIY6QTR, STM32U595ZJT6, STM32U595ZJT6Q, STM32U595ZJY6QTR, STM32U599BJY6QTR, STM32U599NIH6Q, STM32U599NJH6Q, STM32U599VIT6Q, STM32U599VJT6, STM32U599VJT6Q, STM32U599ZIT6Q, STM32U599ZIY6QTR, STM32U599ZJT6Q, STM32U599ZJY6QTR, STM32U5A5AJH6, STM32U5A5AJH6Q, STM32U5A5QJI6, STM32U5A5QJI6Q, STM32U5A5RJT6, STM32U5A5RJT6Q, STM32U5A5VJT6, STM32U5A5VJT6Q, STM32U5A5ZJT6, STM32U5A5ZJT6Q, STM32U5A5ZJY6QTR, STM32U5A9BJY6QTR, STM32U5A9J-DK, STM32U5A9NJH6Q, STM32U5A9VJT6Q, STM32U5A9ZJT6Q, STM32U5A9ZJY6QTR, STM32WB1MMCH6, STM32WBA52CEU6, STM32WBA52CEU6T, STM32WBA52CGU6, STM32WBA52CGU6T, STM32WL5MOCH6, STM32WL5MOCH6TR]
2024-03-20 13:16:08,529 [INFO] DbMcus:216 - Found 3861 MCUs, 3861 are supported
2024-03-20 13:16:08,536 [INFO] ApiDb:423 - Load user favorites file C:\Users\famil/.stm32cubeide/favorites.mcus.txt: 4 item(s)
2024-03-20 13:16:08,537 [INFO] ApiDb:427 - User favorites MCUs=[STM32C011F4P6, STM32C011F6P6, STM32F446RET6, STM32G030K6T6]
2024-03-20 13:16:08,537 [INFO] DbMcus:222 - Set 4 / 4 favorites MCUs
2024-03-20 13:16:09,217 [WARN] ThirdParty:833 - waiting for thirdparty lock release [change project]
2024-03-20 13:16:09,217 [INFO] ThirdParty:835 - entering critical section [change project]
2024-03-20 13:16:09,218 [INFO] ThirdParty:1030 - CMSIS Pack Vendor :STMicroelectronics X-CUBE-ISPU 1.1.0
2024-03-20 13:16:09,218 [INFO] ThirdParty:1030 - CMSIS Pack Vendor :STMicroelectronics X-CUBE-GNSS1 6.0.0
2024-03-20 13:16:09,218 [INFO] ThirdParty:1030 - CMSIS Pack Vendor :STMicroelectronics USB_HOST 2.0.0
2024-03-20 13:16:09,218 [INFO] ThirdParty:1030 - CMSIS Pack Vendor :STMicroelectronics X-CUBE-AZRTOS-F4 1.1.0
2024-03-20 13:16:09,218 [INFO] ThirdParty:1030 - CMSIS Pack Vendor :STMicroelectronics LIBJPEG 8.0.0
2024-03-20 13:16:09,218 [INFO] ThirdParty:1030 - CMSIS Pack Vendor :STMicroelectronics X-CUBE-SMBUS 2.1.0
2024-03-20 13:16:09,218 [INFO] ThirdParty:1030 - CMSIS Pack Vendor :wolfSSL I-CUBE-wolfSSL 5.6.0
2024-03-20 13:16:09,218 [INFO] ThirdParty:1030 - CMSIS Pack Vendor :STMicroelectronics USB_DEVICE 3.0.0
2024-03-20 13:16:09,219 [INFO] ThirdParty:1030 - CMSIS Pack Vendor :STMicroelectronics X-CUBE-AI 8.0.0
2024-03-20 13:16:09,219 [INFO] ThirdParty:1030 - CMSIS Pack Vendor :STMicroelectronics X-CUBE-AZRTOS-WB 2.0.0
2024-03-20 13:16:09,219 [INFO] ThirdParty:1030 - CMSIS Pack Vendor :STMicroelectronics X-CUBE-FREERTOS 1.0.1
2024-03-20 13:16:09,219 [INFO] ThirdParty:1030 - CMSIS Pack Vendor :STMicroelectronics X-CUBE-TOUCHGFX 4.21.3
2024-03-20 13:16:09,219 [INFO] ThirdParty:1030 - CMSIS Pack Vendor :STMicroelectronics X-CUBE-TOUCHGFX 4.23.0
2024-03-20 13:16:09,219 [INFO] ThirdParty:1030 - CMSIS Pack Vendor :STMicroelectronics X-CUBE-AZRTOS-F7 1.1.0
2024-03-20 13:16:09,219 [INFO] ThirdParty:1030 - CMSIS Pack Vendor :STMicroelectronics X-CUBE-AZRTOS-L5 2.0.0
2024-03-20 13:16:09,219 [INFO] ThirdParty:1030 - CMSIS Pack Vendor :STMicroelectronics USB_DEVICE 2.0.0
2024-03-20 13:16:09,220 [INFO] ThirdParty:1030 - CMSIS Pack Vendor :STMicroelectronics X-CUBE-MEMS1 9.6.0
2024-03-20 13:16:09,220 [INFO] ThirdParty:1030 - CMSIS Pack Vendor :STMicroelectronics X-CUBE-EEPRMA1 4.2.0
2024-03-20 13:16:09,220 [INFO] ThirdParty:1030 - CMSIS Pack Vendor :STMicroelectronics X-CUBE-NFC6 3.1.0
2024-03-20 13:16:09,220 [INFO] ThirdParty:1030 - CMSIS Pack Vendor :ITTIA_DB I-CUBE-ITTIADB 8.8.0
2024-03-20 13:16:09,220 [INFO] ThirdParty:1030 - CMSIS Pack Vendor :STMicroelectronics FP-SNS-MOTENV1 4.3.2
2024-03-20 13:16:09,220 [INFO] ThirdParty:1030 - CMSIS Pack Vendor :STMicroelectronics X-CUBE-ALGOBUILD 1.3.0
2024-03-20 13:16:09,220 [INFO] ThirdParty:1030 - CMSIS Pack Vendor :STMicroelectronics X-CUBE-BLE1 6.2.4
2024-03-20 13:16:09,220 [INFO] ThirdParty:1030 - CMSIS Pack Vendor :STMicroelectronics X-CUBE-AZRTOS-L5 1.1.0
2024-03-20 13:16:09,221 [INFO] ThirdParty:1030 - CMSIS Pack Vendor :STMicroelectronics FreeRTOS 0.0.1
2024-03-20 13:16:09,233 [INFO] ThirdParty:1030 - CMSIS Pack Vendor :STMicroelectronics X-CUBE-AZRTOS-G0 1.1.0
2024-03-20 13:16:09,233 [INFO] ThirdParty:1030 - CMSIS Pack Vendor :emotas I-CUBE-CANOPEN 1.1.3
2024-03-20 13:16:09,233 [INFO] ThirdParty:1030 - CMSIS Pack Vendor :STMicroelectronics X-CUBE-BLEMGR 2.0.0
2024-03-20 13:16:09,235 [INFO] ThirdParty:1030 - CMSIS Pack Vendor :STMicroelectronics X-CUBE-NFC4 3.0.0
2024-03-20 13:16:09,235 [INFO] ThirdParty:1030 - CMSIS Pack Vendor :STMicroelectronics X-CUBE-SUBG2 5.0.0
2024-03-20 13:16:09,235 [INFO] ThirdParty:1030 - CMSIS Pack Vendor :STMicroelectronics STM32_WPAN 1.0.0
2024-03-20 13:16:09,235 [INFO] ThirdParty:1030 - CMSIS Pack Vendor :STMicroelectronics lwIP 2.0.3
2024-03-20 13:16:09,235 [INFO] ThirdParty:1030 - CMSIS Pack Vendor :STMicroelectronics FP-SNS-FLIGHT1 5.0.2
2024-03-20 13:16:09,235 [INFO] ThirdParty:1030 - CMSIS Pack Vendor :STMicroelectronics USB_HOST 1.0.0
2024-03-20 13:16:09,235 [INFO] ThirdParty:1030 - CMSIS Pack Vendor :STMicroelectronics X-CUBE-AZRTOS-G4 2.0.0
2024-03-20 13:16:09,235 [INFO] ThirdParty:1030 - CMSIS Pack Vendor :STMicroelectronics PDM2PCM 3.1.0
2024-03-20 13:16:09,235 [INFO] ThirdParty:1030 - CMSIS Pack Vendor :STMicroelectronics X-CUBE-AZRTOS-H7 3.1.0
2024-03-20 13:16:09,235 [INFO] ThirdParty:1030 - CMSIS Pack Vendor :STMicroelectronics X-CUBE-TOF1 3.3.0
2024-03-20 13:16:09,235 [INFO] ThirdParty:1030 - CMSIS Pack Vendor :Infineon AIROC-Wi-Fi-Bluetooth-STM32 1.5.1
2024-03-20 13:16:09,235 [INFO] ThirdParty:1030 - CMSIS Pack Vendor :STMicroelectronics X-CUBE-BLEMGR 3.0.0
2024-03-20 13:16:09,236 [INFO] ThirdParty:1030 - CMSIS Pack Vendor :STMicroelectronics PDM2PCM 3.3.0
2024-03-20 13:16:09,236 [INFO] ThirdParty:1030 - CMSIS Pack Vendor :STMicroelectronics X-CUBE-DISPLAY 3.0.0
2024-03-20 13:16:09,236 [INFO] ThirdParty:1030 - CMSIS Pack Vendor :STMicroelectronics FP-SNS-MOTENVWB1 1.3.1
2024-03-20 13:16:09,236 [INFO] ThirdParty:1030 - CMSIS Pack Vendor :STMicroelectronics X-CUBE-BLE1 7.0.0
2024-03-20 13:16:09,236 [INFO] ThirdParty:1030 - CMSIS Pack Vendor :STMicroelectronics FP-ATR-SIGFOX1 3.2.0
2024-03-20 13:16:09,236 [INFO] ThirdParty:1030 - CMSIS Pack Vendor :STMicroelectronics X-CUBE-AZRTOS-L4 1.0.0
2024-03-20 13:16:09,237 [INFO] ThirdParty:1030 - CMSIS Pack Vendor :STMicroelectronics X-CUBE-ISPU 2.0.0
2024-03-20 13:16:09,237 [INFO] ThirdParty:1030 - CMSIS Pack Vendor :STMicroelectronics X-CUBE-EEPRMA1 5.1.0
2024-03-20 13:16:09,237 [INFO] ThirdParty:1030 - CMSIS Pack Vendor :STMicroelectronics HAL Drivers 0.0.0
2024-03-20 13:16:09,237 [INFO] ThirdParty:1030 - CMSIS Pack Vendor :STMicroelectronics MBEDTLS 2.16.2
2024-03-20 13:16:09,237 [INFO] ThirdParty:1030 - CMSIS Pack Vendor :STMicroelectronics X-CUBE-MEMS1 10.0.0
2024-03-20 13:16:09,238 [INFO] ThirdParty:1030 - CMSIS Pack Vendor :STMicroelectronics X-CUBE-FREERTOS 1.1.0
2024-03-20 13:16:09,238 [INFO] ThirdParty:1030 - CMSIS Pack Vendor :STMicroelectronics X-CUBE-NFC7 1.0.1
2024-03-20 13:16:09,238 [INFO] ThirdParty:1030 - CMSIS Pack Vendor :STMicroelectronics MBEDTLS 2.14.1
2024-03-20 13:16:09,238 [INFO] ThirdParty:1030 - CMSIS Pack Vendor :STMicroelectronics X-CUBE-NFC7 1.0.0
2024-03-20 13:16:09,238 [INFO] ThirdParty:1030 - CMSIS Pack Vendor :STMicroelectronics X-CUBE-AZRTOS-WL 1.0.0
2024-03-20 13:16:09,238 [INFO] ThirdParty:1030 - CMSIS Pack Vendor :STMicroelectronics X-CUBE-NFC6 3.0.0
2024-03-20 13:16:09,238 [INFO] ThirdParty:1030 - CMSIS Pack Vendor :STMicroelectronics X-CUBE-EEPRMA1 4.1.0
2024-03-20 13:16:09,239 [INFO] ThirdParty:1030 - CMSIS Pack Vendor :portGmbH I-Cube-SoM-uGOAL 1.1.0
2024-03-20 13:16:09,239 [INFO] ThirdParty:1030 - CMSIS Pack Vendor :STMicroelectronics X-CUBE-ALS 1.0.1
2024-03-20 13:16:09,239 [INFO] ThirdParty:1030 - CMSIS Pack Vendor :STMicroelectronics X-CUBE-BLEMGR 3.1.0
2024-03-20 13:16:09,239 [INFO] ThirdParty:1030 - CMSIS Pack Vendor :STMicroelectronics ThreadX 1.0.0
2024-03-20 13:16:09,239 [INFO] ThirdParty:1030 - CMSIS Pack Vendor :STMicroelectronics FP-SNS-SMARTAG2 1.2.0
2024-03-20 13:16:09,239 [INFO] ThirdParty:1030 - CMSIS Pack Vendor :STMicroelectronics X-CUBE-AZRTOS-WB 1.1.0
2024-03-20 13:16:09,240 [INFO] ThirdParty:1030 - CMSIS Pack Vendor :STMicroelectronics X-CUBE-AZRTOS-WL 2.0.0
2024-03-20 13:16:09,240 [INFO] ThirdParty:1030 - CMSIS Pack Vendor :SEGGER I-CUBE-embOS 1.3.1
2024-03-20 13:16:09,240 [INFO] ThirdParty:1030 - CMSIS Pack Vendor :STMicroelectronics USB_DEVICE 1.0.0
2024-03-20 13:16:09,240 [INFO] ThirdParty:1030 - CMSIS Pack Vendor :STMicroelectronics X-CUBE-AI 8.1.0
2024-03-20 13:16:09,240 [INFO] ThirdParty:1030 - CMSIS Pack Vendor :STMicroelectronics X-CUBE-AZRTOS-L4 2.0.0
2024-03-20 13:16:09,242 [INFO] ThirdParty:1030 - CMSIS Pack Vendor :STMicroelectronics ThreadX 0.0.2
2024-03-20 13:16:09,242 [INFO] ThirdParty:1030 - CMSIS Pack Vendor :WES I-CUBE-Cesium 1.3.0
2024-03-20 13:16:09,242 [INFO] ThirdParty:1030 - CMSIS Pack Vendor :STMicroelectronics FP-ATR-ASTRA1 2.0.0
2024-03-20 13:16:09,243 [INFO] ThirdParty:1030 - CMSIS Pack Vendor :STMicroelectronics lwIP 2.1.2
2024-03-20 13:16:09,243 [INFO] ThirdParty:1030 - CMSIS Pack Vendor :STMicroelectronics X-CUBE-SFXS2LP1 4.0.0
2024-03-20 13:16:09,243 [INFO] ThirdParty:1030 - CMSIS Pack Vendor :STMicroelectronics X-CUBE-BLE2 3.3.0
2024-03-20 13:16:09,243 [INFO] ThirdParty:1030 - CMSIS Pack Vendor :STMicroelectronics X-CUBE-TOF1 3.4.0
2024-03-20 13:16:09,243 [INFO] ThirdParty:1030 - CMSIS Pack Vendor :STMicroelectronics X-CUBE-TOF1 3.4.1
2024-03-20 13:16:09,243 [INFO] ThirdParty:1030 - CMSIS Pack Vendor :STMicroelectronics X-CUBE-AZRTOS-H7 3.2.0
2024-03-20 13:16:09,243 [INFO] ThirdParty:1030 - CMSIS Pack Vendor :STMicroelectronics PDM2PCM 3.2.0
2024-03-20 13:16:09,243 [INFO] ThirdParty:841 - exiting critical section [change project]
2024-03-20 13:16:10,016 [INFO] PinOutPanel:1499 - setPackage(No Configuration,No Configuration)
2024-03-20 13:16:10,018 [INFO] PinOutPanel:1499 - setPackage(STM32F446RETx,LQFP64)
2024-03-20 13:16:11,278 [INFO] UtilMem:75 - Before build in PCC Used Memory: 641337256 Bytes (830472192)
2024-03-20 13:16:12,659 [INFO] UtilMem:75 - After build in PCC Used Memory: 697558216 Bytes (830472192)
2024-03-20 13:16:12,718 [INFO] IPUIPlugin:80 - create IPUIPlugin
2024-03-20 13:16:12,719 [INFO] IPUIPlugin:80 - create IPUIPlugin
2024-03-20 13:16:12,719 [INFO] IPUIPlugin:80 - create IPUIPlugin
2024-03-20 13:16:12,719 [INFO] IPUIPlugin:80 - create IPUIPlugin
2024-03-20 13:16:12,719 [INFO] IPUIPlugin:80 - create IPUIPlugin
2024-03-20 13:16:12,720 [INFO] IPUIPlugin:80 - create IPUIPlugin
2024-03-20 13:16:12,720 [INFO] IPUIPlugin:80 - create IPUIPlugin
2024-03-20 13:16:12,720 [INFO] IPUIPlugin:80 - create IPUIPlugin
2024-03-20 13:16:12,720 [INFO] IPUIPlugin:80 - create IPUIPlugin
2024-03-20 13:16:12,721 [INFO] IPUIPlugin:80 - create IPUIPlugin
2024-03-20 13:16:12,721 [INFO] IPUIPlugin:80 - create IPUIPlugin
2024-03-20 13:16:12,721 [INFO] IPUIPlugin:80 - create IPUIPlugin
2024-03-20 13:16:12,721 [INFO] IPUIPlugin:80 - create IPUIPlugin
2024-03-20 13:16:12,722 [INFO] IPUIPlugin:80 - create IPUIPlugin
2024-03-20 13:16:12,722 [INFO] IPUIPlugin:80 - create IPUIPlugin
2024-03-20 13:16:12,722 [INFO] IPUIPlugin:80 - create IPUIPlugin
2024-03-20 13:16:12,722 [INFO] IPUIPlugin:80 - create IPUIPlugin
2024-03-20 13:16:12,723 [INFO] IPUIPlugin:80 - create IPUIPlugin
2024-03-20 13:16:12,723 [INFO] IPUIPlugin:80 - create IPUIPlugin
2024-03-20 13:16:12,723 [INFO] IPUIPlugin:80 - create IPUIPlugin
2024-03-20 13:16:12,724 [INFO] IPUIPlugin:80 - create IPUIPlugin
2024-03-20 13:16:12,724 [INFO] IPUIPlugin:80 - create IPUIPlugin
2024-03-20 13:16:12,725 [INFO] IPUIPlugin:80 - create IPUIPlugin
2024-03-20 13:16:12,725 [INFO] IPUIPlugin:80 - create IPUIPlugin
2024-03-20 13:16:12,725 [INFO] IPUIPlugin:80 - create IPUIPlugin
2024-03-20 13:16:12,726 [INFO] IPUIPlugin:80 - create IPUIPlugin
2024-03-20 13:16:12,726 [INFO] IPUIPlugin:80 - create IPUIPlugin
2024-03-20 13:16:12,727 [INFO] IPUIPlugin:80 - create IPUIPlugin
2024-03-20 13:16:12,727 [INFO] IPUIPlugin:80 - create IPUIPlugin
2024-03-20 13:16:12,728 [INFO] IPUIPlugin:80 - create IPUIPlugin
2024-03-20 13:16:12,729 [INFO] IPUIPlugin:80 - create IPUIPlugin
2024-03-20 13:16:12,729 [INFO] IPUIPlugin:80 - create IPUIPlugin
2024-03-20 13:16:12,730 [INFO] IPUIPlugin:80 - create IPUIPlugin
2024-03-20 13:16:12,731 [INFO] IPUIPlugin:80 - create IPUIPlugin
2024-03-20 13:16:12,732 [INFO] IPUIPlugin:80 - create IPUIPlugin
2024-03-20 13:16:12,732 [INFO] IPUIPlugin:80 - create IPUIPlugin
2024-03-20 13:16:12,733 [INFO] IPUIPlugin:80 - create IPUIPlugin
2024-03-20 13:16:12,733 [INFO] IPUIPlugin:80 - create IPUIPlugin
2024-03-20 13:16:12,734 [INFO] IPUIPlugin:80 - create IPUIPlugin
2024-03-20 13:16:12,734 [INFO] IPUIPlugin:80 - create IPUIPlugin
2024-03-20 13:16:12,735 [INFO] IPUIPlugin:80 - create IPUIPlugin
2024-03-20 13:16:12,736 [INFO] IPUIPlugin:80 - create IPUIPlugin
2024-03-20 13:16:12,736 [INFO] IPUIPlugin:80 - create IPUIPlugin
2024-03-20 13:16:12,737 [INFO] IPUIPlugin:80 - create IPUIPlugin
2024-03-20 13:16:12,737 [INFO] IPUIPlugin:80 - create IPUIPlugin
2024-03-20 13:16:12,738 [INFO] IPUIPlugin:80 - create IPUIPlugin
2024-03-20 13:16:12,739 [INFO] IPUIPlugin:80 - create IPUIPlugin
2024-03-20 13:16:12,739 [INFO] IPUIPlugin:80 - create IPUIPlugin
2024-03-20 13:16:12,760 [INFO] IPUIPlugin:80 - create IPUIPlugin
2024-03-20 13:16:12,760 [INFO] IPUIPlugin:80 - create IPUIPlugin
2024-03-20 13:16:12,761 [INFO] IPUIPlugin:80 - create IPUIPlugin
2024-03-20 13:16:12,762 [INFO] IPUIPlugin:80 - create IPUIPlugin
2024-03-20 13:16:12,763 [INFO] IPUIPlugin:80 - create IPUIPlugin
2024-03-20 13:16:12,764 [INFO] IPUIPlugin:80 - create IPUIPlugin
2024-03-20 13:16:12,765 [INFO] IPUIPlugin:80 - create IPUIPlugin
2024-03-20 13:16:12,766 [INFO] IPUIPlugin:80 - create IPUIPlugin
2024-03-20 13:16:12,767 [INFO] IPUIPlugin:80 - create IPUIPlugin
2024-03-20 13:16:12,768 [INFO] IPUIPlugin:80 - create IPUIPlugin
2024-03-20 13:16:12,769 [INFO] IPUIPlugin:80 - create IPUIPlugin
2024-03-20 13:16:12,770 [INFO] IPUIPlugin:80 - create IPUIPlugin
2024-03-20 13:16:12,873 [INFO] ApiDbMcu:507 - Load IP Config File for PDM2PCM
2024-03-20 13:16:12,888 [WARN] IP:2113 - I2C_Coeff_DF not found: check if there is a RefParameter without a condition.
2024-03-20 13:16:12,888 [WARN] IP:2113 - Analog_Filter not found: check if there is a RefParameter without a condition.
2024-03-20 13:16:13,298 [INFO] CADModel:165 - CPN selected for project levelSTM32F446RET6
2024-03-20 13:16:13,298 [INFO] CADModel:114 - Register for checkConnection events
2024-03-20 13:16:13,367 [INFO] OpenFileManager:328 - Restore cursor
2024-03-20 13:16:13,585 [WARN] IP:2113 - I2C_Coeff_DF not found: check if there is a RefParameter without a condition.
2024-03-20 13:16:13,585 [WARN] IP:2113 - Analog_Filter not found: check if there is a RefParameter without a condition.
2024-03-20 13:16:13,587 [WARN] IP:2113 - I2C_Coeff_DF not found: check if there is a RefParameter without a condition.
2024-03-20 13:16:13,587 [WARN] IP:2113 - Analog_Filter not found: check if there is a RefParameter without a condition.
2024-03-20 13:16:34,682 [WARN] IP:2113 - I2C_Coeff_DF not found: check if there is a RefParameter without a condition.
2024-03-20 13:16:34,682 [WARN] IP:2113 - Analog_Filter not found: check if there is a RefParameter without a condition.
2024-03-20 13:16:34,684 [WARN] IP:2113 - I2C_Coeff_DF not found: check if there is a RefParameter without a condition.
2024-03-20 13:16:34,684 [WARN] IP:2113 - Analog_Filter not found: check if there is a RefParameter without a condition.
2024-03-20 13:16:34,790 [WARN] IP:2113 - I2C_Coeff_DF not found: check if there is a RefParameter without a condition.
2024-03-20 13:16:34,790 [WARN] IP:2113 - Analog_Filter not found: check if there is a RefParameter without a condition.
2024-03-20 13:16:34,872 [WARN] IP:2113 - I2C_Coeff_DF not found: check if there is a RefParameter without a condition.
2024-03-20 13:16:34,872 [WARN] IP:2113 - Analog_Filter not found: check if there is a RefParameter without a condition.
2024-03-20 13:16:43,326 [INFO] UtilMem:75 - End SaveConfig() Used Memory: 648574440 Bytes (830472192)
2024-03-20 13:16:43,456 [INFO] UtilMem:75 - End SaveConfig() Used Memory: 632685032 Bytes (830472192)
2024-03-20 13:16:44,634 [INFO] UtilMem:75 - End SaveConfig() Used Memory: 666781240 Bytes (830472192)
2024-03-20 13:16:45,871 [INFO] BlockDiagram:2759 - set Specific Code input for plugin: RCC
2024-03-20 13:16:45,871 [INFO] BlockDiagram:2759 - set Specific Code input for plugin: I2C
2024-03-20 13:16:45,872 [INFO] BlockDiagram:2759 - set Specific Code input for plugin: NVIC
2024-03-20 13:16:45,872 [INFO] BlockDiagram:2759 - set Specific Code input for plugin: USART
2024-03-20 13:16:45,872 [INFO] BlockDiagram:2759 - set Specific Code input for plugin: USART
2024-03-20 13:16:45,873 [INFO] BlockDiagram:2759 - set Specific Code input for plugin: GPIO
2024-03-20 13:16:45,878 [INFO] CodeGenerator:793 - code generatio: config db path: C:\ST\STM32CubeIDE_1.12.1\STM32CubeIDE\plugins\com.st.stm32cube.common.mx_6.8.1.202304191431\\db\
2024-03-20 13:16:45,888 [WARN] IP:2113 - I2C_Coeff_DF not found: check if there is a RefParameter without a condition.
2024-03-20 13:16:45,888 [WARN] IP:2113 - Analog_Filter not found: check if there is a RefParameter without a condition.
2024-03-20 13:16:46,740 [INFO] CodeEngine:255 - oldGeneratedFile, C:\robot\Japan2024-Software\MovingDisplay\Mother\MXTmpFiles\license.tmp_save
2024-03-20 13:16:47,455 [INFO] CodeEngine:279 - Generated code: C:\robot\Japan2024-Software\MovingDisplay\Mother\MXTmpFiles\license.tmp
2024-03-20 13:16:47,604 [INFO] CodeEngine:255 - oldGeneratedFile, C:\robot\Japan2024-Software\MovingDisplay\Mother\MXTmpFiles\gpio.tmp_save
2024-03-20 13:16:47,914 [INFO] CodeEngine:279 - Generated code: C:\robot\Japan2024-Software\MovingDisplay\Mother\MXTmpFiles\gpio.tmp
2024-03-20 13:16:48,236 [INFO] CodeEngine:255 - oldGeneratedFile, C:\robot\Japan2024-Software\MovingDisplay\Mother\Core\Src\stm32f4xx_it.c_save
2024-03-20 13:16:48,503 [INFO] CodeEngine:279 - Generated code: C:\robot\Japan2024-Software\MovingDisplay\Mother\Core\Src\stm32f4xx_it.c
2024-03-20 13:16:48,528 [INFO] CodeEngine:255 - oldGeneratedFile, C:\robot\Japan2024-Software\MovingDisplay\Mother\Core\Inc\stm32f4xx_it.h_save
2024-03-20 13:16:48,681 [INFO] CodeEngine:279 - Generated code: C:\robot\Japan2024-Software\MovingDisplay\Mother\Core\Inc\stm32f4xx_it.h
2024-03-20 13:16:48,744 [INFO] CodeEngine:255 - oldGeneratedFile, C:\robot\Japan2024-Software\MovingDisplay\Mother\Core\Src\stm32f4xx_hal_msp.c_save
2024-03-20 13:16:49,020 [INFO] CodeEngine:279 - Generated code: C:\robot\Japan2024-Software\MovingDisplay\Mother\Core\Src\stm32f4xx_hal_msp.c
2024-03-20 13:16:49,033 [INFO] CodeEngine:255 - oldGeneratedFile, C:\robot\Japan2024-Software\MovingDisplay\Mother\MXTmpFiles\system.tmp_save
2024-03-20 13:16:49,142 [INFO] CodeEngine:279 - Generated code: C:\robot\Japan2024-Software\MovingDisplay\Mother\MXTmpFiles\system.tmp
2024-03-20 13:16:49,185 [INFO] CodeEngine:311 - oldGeneratedFile, C:\robot\Japan2024-Software\MovingDisplay\Mother\Core\Inc\stm32f4xx_hal_conf.h_save
2024-03-20 13:16:49,342 [INFO] CodeEngine:335 - Generated code: C:\robot\Japan2024-Software\MovingDisplay\Mother\Core\Inc\stm32f4xx_hal_conf.h
2024-03-20 13:16:49,423 [WARN] IPConfigManager:2937 - Warning: the RefConfig PLL2P_FOR_MCO is not available in your config.xml file
2024-03-20 13:16:49,450 [INFO] CodeEngine:255 - oldGeneratedFile, C:\robot\Japan2024-Software\MovingDisplay\Mother\Core\Inc\main.h_save
2024-03-20 13:16:49,668 [INFO] CodeEngine:279 - Generated code: C:\robot\Japan2024-Software\MovingDisplay\Mother\Core\Inc\main.h
2024-03-20 13:16:49,699 [INFO] CodeEngine:255 - oldGeneratedFile, C:\robot\Japan2024-Software\MovingDisplay\Mother\Core\Src\main.c_save
2024-03-20 13:16:49,959 [INFO] CodeEngine:279 - Generated code: C:\robot\Japan2024-Software\MovingDisplay\Mother\Core\Src\main.c
2024-03-20 13:16:51,467 [INFO] ProjectBuilder:2996 - Time for Copy HAL[1] : 429mS.
2024-03-20 13:16:51,484 [INFO] ProjectBuilder:4304 - Project Generator version: 3.19.2
2024-03-20 13:16:52,049 [INFO] ConfigFileManager:1483 - The Die is : DIE421
2024-03-20 13:16:52,076 [INFO] ApiDbMcu:507 - Load IP Config File for FATFS
2024-03-20 13:16:52,115 [INFO] ApiDbMcu:507 - Load IP Config File for FREERTOS
2024-03-20 13:16:52,123 [INFO] ApiDbMcu:507 - Load IP Config File for LIBJPEG
2024-03-20 13:16:52,199 [INFO] ApiDbMcu:507 - Load IP Config File for MBEDTLS
2024-03-20 13:16:52,305 [INFO] ApiDbMcu:507 - Load IP Config File for USB_DEVICE
2024-03-20 13:16:52,335 [INFO] ApiDbMcu:507 - Load IP Config File for USB_HOST
2024-03-20 13:16:53,792 [INFO] LogOutputStream:77 - [STDOUT_REDIRECT] 
2024-03-20 13:16:55,370 [INFO] ProjectBuilder:4505 - Time for Generating toolchain IDE Files: 3885mS.
2024-03-20 13:16:55,373 [INFO] ProjectBuilder:2867 - Time for Copy CMSIS : 3mS.
2024-03-20 13:16:55,379 [INFO] ProjectBuilder:2867 - Time for Copy CMSIS : 0mS.
2024-03-20 15:52:40,388 [WARN] IP:2113 - I2C_Coeff_DF not found: check if there is a RefParameter without a condition.
2024-03-20 15:52:40,388 [WARN] IP:2113 - Analog_Filter not found: check if there is a RefParameter without a condition.
2024-03-20 15:52:40,388 [WARN] IP:2113 - I2C_Coeff_DF not found: check if there is a RefParameter without a condition.
2024-03-20 15:52:40,388 [WARN] IP:2113 - Analog_Filter not found: check if there is a RefParameter without a condition.
2024-03-20 15:52:40,444 [WARN] IP:2113 - I2C_Coeff_DF not found: check if there is a RefParameter without a condition.
2024-03-20 15:52:40,444 [WARN] IP:2113 - Analog_Filter not found: check if there is a RefParameter without a condition.
2024-03-20 15:52:40,511 [WARN] IP:2113 - I2C_Coeff_DF not found: check if there is a RefParameter without a condition.
2024-03-20 15:52:40,512 [WARN] IP:2113 - Analog_Filter not found: check if there is a RefParameter without a condition.
2024-03-20 15:52:43,694 [WARN] IP:2113 - I2C_Coeff_DF not found: check if there is a RefParameter without a condition.
2024-03-20 15:52:43,695 [WARN] IP:2113 - Analog_Filter not found: check if there is a RefParameter without a condition.
2024-03-20 15:52:43,699 [WARN] IP:2113 - I2C_Coeff_DF not found: check if there is a RefParameter without a condition.
2024-03-20 15:52:43,700 [WARN] IP:2113 - Analog_Filter not found: check if there is a RefParameter without a condition.
2024-03-20 15:52:44,095 [WARN] IP:2113 - I2C_Coeff_DF not found: check if there is a RefParameter without a condition.
2024-03-20 15:52:44,095 [WARN] IP:2113 - Analog_Filter not found: check if there is a RefParameter without a condition.
2024-03-20 15:52:44,432 [WARN] IP:2113 - I2C_Coeff_DF not found: check if there is a RefParameter without a condition.
2024-03-20 15:52:44,433 [WARN] IP:2113 - Analog_Filter not found: check if there is a RefParameter without a condition.
2024-03-20 15:53:34,243 [WARN] IP:2113 - I2C_Coeff_DF not found: check if there is a RefParameter without a condition.
2024-03-20 15:53:34,244 [WARN] IP:2113 - Analog_Filter not found: check if there is a RefParameter without a condition.
2024-03-20 15:53:34,244 [WARN] IP:2113 - I2C_Coeff_DF not found: check if there is a RefParameter without a condition.
2024-03-20 15:53:34,244 [WARN] IP:2113 - Analog_Filter not found: check if there is a RefParameter without a condition.
2024-03-20 15:53:36,978 [WARN] IP:2113 - I2C_Coeff_DF not found: check if there is a RefParameter without a condition.
2024-03-20 15:53:36,978 [WARN] IP:2113 - Analog_Filter not found: check if there is a RefParameter without a condition.
2024-03-20 15:53:36,979 [WARN] IP:2113 - I2C_Coeff_DF not found: check if there is a RefParameter without a condition.
2024-03-20 15:53:36,979 [WARN] IP:2113 - Analog_Filter not found: check if there is a RefParameter without a condition.
2024-03-20 15:53:41,170 [WARN] IP:2113 - I2C_Coeff_DF not found: check if there is a RefParameter without a condition.
2024-03-20 15:53:41,170 [WARN] IP:2113 - Analog_Filter not found: check if there is a RefParameter without a condition.
2024-03-20 15:53:41,171 [WARN] IP:2113 - I2C_Coeff_DF not found: check if there is a RefParameter without a condition.
2024-03-20 15:53:41,171 [WARN] IP:2113 - Analog_Filter not found: check if there is a RefParameter without a condition.
2024-03-20 15:53:42,094 [WARN] IP:2113 - I2C_Coeff_DF not found: check if there is a RefParameter without a condition.
2024-03-20 15:53:42,094 [WARN] IP:2113 - Analog_Filter not found: check if there is a RefParameter without a condition.
2024-03-20 15:53:42,095 [WARN] IP:2113 - I2C_Coeff_DF not found: check if there is a RefParameter without a condition.
2024-03-20 15:53:42,095 [WARN] IP:2113 - Analog_Filter not found: check if there is a RefParameter without a condition.
2024-03-20 15:53:44,336 [WARN] IP:2113 - I2C_Coeff_DF not found: check if there is a RefParameter without a condition.
2024-03-20 15:53:44,336 [WARN] IP:2113 - Analog_Filter not found: check if there is a RefParameter without a condition.
2024-03-20 15:53:44,336 [WARN] IP:2113 - I2C_Coeff_DF not found: check if there is a RefParameter without a condition.
2024-03-20 15:53:44,336 [WARN] IP:2113 - Analog_Filter not found: check if there is a RefParameter without a condition.
2024-03-20 15:53:46,087 [WARN] IP:2113 - I2C_Coeff_DF not found: check if there is a RefParameter without a condition.
2024-03-20 15:53:46,087 [WARN] IP:2113 - Analog_Filter not found: check if there is a RefParameter without a condition.
2024-03-20 15:53:46,087 [WARN] IP:2113 - I2C_Coeff_DF not found: check if there is a RefParameter without a condition.
2024-03-20 15:53:46,087 [WARN] IP:2113 - Analog_Filter not found: check if there is a RefParameter without a condition.
2024-03-20 15:53:46,117 [WARN] IP:2113 - I2C_Coeff_DF not found: check if there is a RefParameter without a condition.
2024-03-20 15:53:46,117 [WARN] IP:2113 - Analog_Filter not found: check if there is a RefParameter without a condition.
2024-03-20 15:53:47,585 [WARN] IP:2113 - I2C_Coeff_DF not found: check if there is a RefParameter without a condition.
2024-03-20 15:53:47,585 [WARN] IP:2113 - Analog_Filter not found: check if there is a RefParameter without a condition.
2024-03-20 15:53:47,586 [WARN] IP:2113 - I2C_Coeff_DF not found: check if there is a RefParameter without a condition.
2024-03-20 15:53:47,586 [WARN] IP:2113 - Analog_Filter not found: check if there is a RefParameter without a condition.
2024-03-20 15:53:48,719 [ERROR] LogOutputStream:75 - [STDERR_REDIRECT] Exception in thread "AWT-EventQueue-0" java.lang.ArrayIndexOutOfBoundsException: Index 1 out of bounds for length 0
2024-03-20 15:53:48,733 [ERROR] LogOutputStream:75 - [STDERR_REDIRECT] 	at java.base/java.util.ArrayList.add(ArrayList.java:487)
2024-03-20 15:53:48,734 [ERROR] LogOutputStream:75 - [STDERR_REDIRECT] 	at java.base/java.util.ArrayList.add(ArrayList.java:499)
2024-03-20 15:53:48,736 [ERROR] LogOutputStream:75 - [STDERR_REDIRECT] 	at com.st.microxplorer.mcu.IP.getParameter(IP.java:4600)
2024-03-20 15:53:48,737 [ERROR] LogOutputStream:75 - [STDERR_REDIRECT] 	at com.st.microxplorer.mcu.IP.getParameterRefValue(IP.java:1961)
2024-03-20 15:53:48,738 [WARN] IP:2113 - I2C_Coeff_DF not found: check if there is a RefParameter without a condition.
2024-03-20 15:53:48,738 [WARN] IP:2113 - Analog_Filter not found: check if there is a RefParameter without a condition.
2024-03-20 15:53:48,738 [ERROR] LogOutputStream:75 - [STDERR_REDIRECT] 	at com.st.microxplorer.mcu.IP.getRefParameters(IP.java:2050)
2024-03-20 15:53:48,738 [WARN] IP:2113 - I2C_Coeff_DF not found: check if there is a RefParameter without a condition.
2024-03-20 15:53:48,738 [WARN] IP:2113 - Analog_Filter not found: check if there is a RefParameter without a condition.
2024-03-20 15:53:48,739 [ERROR] LogOutputStream:75 - [STDERR_REDIRECT] 	at com.st.microxplorer.mcu.IP.getAllRequiredRefParameters(IP.java:3993)
2024-03-20 15:53:48,741 [ERROR] LogOutputStream:75 - [STDERR_REDIRECT] 	at com.st.microxplorer.mcu.RCCService.getAllRequiredRefParameters(RCCService.java:296)
2024-03-20 15:53:48,742 [ERROR] LogOutputStream:75 - [STDERR_REDIRECT] 	at com.st.microxplorer.mcu.IP.isAllParamsConfigured(IP.java:2853)
2024-03-20 15:53:48,744 [ERROR] LogOutputStream:75 - [STDERR_REDIRECT] 	at com.st.microxplorer.plugins.ipmanager.generictreatment.model.ParamManager.setConfigurationState(ParamManager.java:702)
2024-03-20 15:53:48,747 [ERROR] LogOutputStream:75 - [STDERR_REDIRECT] 	at com.st.microxplorer.plugins.ipmanager.generictreatment.model.ParamManager.setConfigurationState(ParamManager.java:691)
2024-03-20 15:53:48,749 [ERROR] LogOutputStream:75 - [STDERR_REDIRECT] 	at com.st.microxplorer.plugins.ip.genericplugin.GenericPlugin.setConfigurationState(GenericPlugin.java:84)
2024-03-20 15:53:48,753 [ERROR] LogOutputStream:75 - [STDERR_REDIRECT] 	at com.st.microxplorer.plugins.ipmanager.gui.IPsOverviews.setConfigState(IPsOverviews.java:2752)
2024-03-20 15:53:48,755 [ERROR] LogOutputStream:75 - [STDERR_REDIRECT] 	at com.st.microxplorer.plugins.ipmanager.gui.BlockDiagram.updateIPConfigState(BlockDiagram.java:1558)
2024-03-20 15:53:48,756 [ERROR] LogOutputStream:75 - [STDERR_REDIRECT] 	at com.st.microxplorer.plugins.ipmanager.gui.BlockDiagram.propertyChange(BlockDiagram.java:1393)
2024-03-20 15:53:48,758 [ERROR] LogOutputStream:75 - [STDERR_REDIRECT] 	at java.desktop/java.beans.PropertyChangeSupport.fire(PropertyChangeSupport.java:341)
2024-03-20 15:53:48,760 [ERROR] LogOutputStream:75 - [STDERR_REDIRECT] 	at java.desktop/java.beans.PropertyChangeSupport.firePropertyChange(PropertyChangeSupport.java:333)
2024-03-20 15:53:48,762 [ERROR] LogOutputStream:75 - [STDERR_REDIRECT] 	at java.desktop/java.beans.PropertyChangeSupport.firePropertyChange(PropertyChangeSupport.java:266)
2024-03-20 15:53:48,764 [ERROR] LogOutputStream:75 - [STDERR_REDIRECT] 	at com.st.microxplorer.util.MXPropertyChangeSupport.firePropertyChange(MXPropertyChangeSupport.java:54)
2024-03-20 15:53:48,766 [ERROR] LogOutputStream:75 - [STDERR_REDIRECT] 	at com.st.microxplorer.mxsystem.MxSystem.MxFirePropertyChange(MxSystem.java:220)
2024-03-20 15:53:48,767 [ERROR] LogOutputStream:75 - [STDERR_REDIRECT] 	at com.st.microxplorer.plugins.clock.gui.MultiplexerUI$2.done(MultiplexerUI.java:508)
2024-03-20 15:53:48,769 [ERROR] LogOutputStream:75 - [STDERR_REDIRECT] 	at java.desktop/javax.swing.SwingWorker$5.run(SwingWorker.java:750)
2024-03-20 15:53:48,770 [ERROR] LogOutputStream:75 - [STDERR_REDIRECT] 	at java.desktop/javax.swing.SwingWorker$DoSubmitAccumulativeRunnable.run(SwingWorker.java:847)
2024-03-20 15:53:48,772 [ERROR] LogOutputStream:75 - [STDERR_REDIRECT] 	at java.desktop/sun.swing.AccumulativeRunnable.run(AccumulativeRunnable.java:112)
2024-03-20 15:53:48,774 [ERROR] LogOutputStream:75 - [STDERR_REDIRECT] 	at java.desktop/javax.swing.SwingWorker$DoSubmitAccumulativeRunnable.actionPerformed(SwingWorker.java:857)
2024-03-20 15:53:48,775 [ERROR] LogOutputStream:75 - [STDERR_REDIRECT] 	at java.desktop/javax.swing.Timer.fireActionPerformed(Timer.java:317)
2024-03-20 15:53:48,777 [ERROR] LogOutputStream:75 - [STDERR_REDIRECT] 	at java.desktop/javax.swing.Timer$DoPostEvent.run(Timer.java:249)
2024-03-20 15:53:48,778 [ERROR] LogOutputStream:75 - [STDERR_REDIRECT] 	at java.desktop/java.awt.event.InvocationEvent.dispatch(InvocationEvent.java:313)
2024-03-20 15:53:48,780 [ERROR] LogOutputStream:75 - [STDERR_REDIRECT] 	at java.desktop/java.awt.EventQueue.dispatchEventImpl(EventQueue.java:770)
2024-03-20 15:53:48,781 [ERROR] LogOutputStream:75 - [STDERR_REDIRECT] 	at java.desktop/java.awt.EventQueue$4.run(EventQueue.java:721)
2024-03-20 15:53:48,782 [ERROR] LogOutputStream:75 - [STDERR_REDIRECT] 	at java.desktop/java.awt.EventQueue$4.run(EventQueue.java:715)
2024-03-20 15:53:48,784 [ERROR] LogOutputStream:75 - [STDERR_REDIRECT] 	at java.base/java.security.AccessController.doPrivileged(Native Method)
2024-03-20 15:53:48,786 [ERROR] LogOutputStream:75 - [STDERR_REDIRECT] 	at java.base/java.security.ProtectionDomain$JavaSecurityAccessImpl.doIntersectionPrivilege(ProtectionDomain.java:85)
2024-03-20 15:53:48,787 [ERROR] LogOutputStream:75 - [STDERR_REDIRECT] 	at java.desktop/java.awt.EventQueue.dispatchEvent(EventQueue.java:740)
2024-03-20 15:53:48,789 [ERROR] LogOutputStream:75 - [STDERR_REDIRECT] 	at java.desktop/java.awt.EventDispatchThread.pumpOneEventForFilters(EventDispatchThread.java:203)
2024-03-20 15:53:48,791 [ERROR] LogOutputStream:75 - [STDERR_REDIRECT] 	at java.desktop/java.awt.EventDispatchThread.pumpEventsForFilter(EventDispatchThread.java:124)
2024-03-20 15:53:48,794 [ERROR] LogOutputStream:75 - [STDERR_REDIRECT] 	at java.desktop/java.awt.EventDispatchThread.pumpEventsForHierarchy(EventDispatchThread.java:113)
2024-03-20 15:53:48,797 [ERROR] LogOutputStream:75 - [STDERR_REDIRECT] 	at java.desktop/java.awt.EventDispatchThread.pumpEvents(EventDispatchThread.java:109)
2024-03-20 15:53:48,799 [ERROR] LogOutputStream:75 - [STDERR_REDIRECT] 	at java.desktop/java.awt.EventDispatchThread.pumpEvents(EventDispatchThread.java:101)
2024-03-20 15:53:48,803 [ERROR] LogOutputStream:75 - [STDERR_REDIRECT] 	at java.desktop/java.awt.EventDispatchThread.run(EventDispatchThread.java:90)
2024-03-20 15:53:48,879 [WARN] IP:2113 - I2C_Coeff_DF not found: check if there is a RefParameter without a condition.
2024-03-20 15:53:48,880 [WARN] IP:2113 - Analog_Filter not found: check if there is a RefParameter without a condition.
2024-03-20 15:53:51,115 [WARN] IP:2113 - I2C_Coeff_DF not found: check if there is a RefParameter without a condition.
2024-03-20 15:53:51,115 [WARN] IP:2113 - Analog_Filter not found: check if there is a RefParameter without a condition.
2024-03-20 15:53:53,442 [WARN] IP:2113 - I2C_Coeff_DF not found: check if there is a RefParameter without a condition.
2024-03-20 15:53:53,443 [WARN] IP:2113 - Analog_Filter not found: check if there is a RefParameter without a condition.
2024-03-20 15:53:58,046 [WARN] IP:2113 - I2C_Coeff_DF not found: check if there is a RefParameter without a condition.
2024-03-20 15:53:58,046 [WARN] IP:2113 - Analog_Filter not found: check if there is a RefParameter without a condition.
2024-03-20 15:54:02,288 [WARN] IP:2113 - I2C_Coeff_DF not found: check if there is a RefParameter without a condition.
2024-03-20 15:54:02,288 [WARN] IP:2113 - Analog_Filter not found: check if there is a RefParameter without a condition.
2024-03-20 15:54:21,152 [INFO] UtilMem:75 - End SaveConfig() Used Memory: 895721560 Bytes (1073741824)
2024-03-20 15:54:21,334 [INFO] UtilMem:75 - End SaveConfig() Used Memory: 951769752 Bytes (1073741824)
2024-03-20 15:54:22,351 [INFO] UtilMem:75 - End SaveConfig() Used Memory: 1016649216 Bytes (1073741824)
2024-03-20 15:54:22,958 [INFO] BlockDiagram:2759 - set Specific Code input for plugin: RCC
2024-03-20 15:54:22,958 [INFO] BlockDiagram:2759 - set Specific Code input for plugin: I2C
2024-03-20 15:54:22,958 [INFO] BlockDiagram:2759 - set Specific Code input for plugin: NVIC
2024-03-20 15:54:22,958 [INFO] BlockDiagram:2759 - set Specific Code input for plugin: USART
2024-03-20 15:54:22,958 [INFO] BlockDiagram:2759 - set Specific Code input for plugin: USART
2024-03-20 15:54:22,959 [INFO] BlockDiagram:2759 - set Specific Code input for plugin: GPIO
2024-03-20 15:54:22,964 [INFO] CodeGenerator:793 - code generatio: config db path: C:\ST\STM32CubeIDE_1.12.1\STM32CubeIDE\plugins\com.st.stm32cube.common.mx_6.8.1.202304191431\\db\
2024-03-20 15:54:22,966 [WARN] IP:2113 - I2C_Coeff_DF not found: check if there is a RefParameter without a condition.
2024-03-20 15:54:22,966 [WARN] IP:2113 - Analog_Filter not found: check if there is a RefParameter without a condition.
2024-03-20 15:54:23,352 [INFO] CodeEngine:255 - oldGeneratedFile, C:\robot\Japan2024-Software\MovingDisplay\Mother\MXTmpFiles\license.tmp_save
2024-03-20 15:54:23,623 [INFO] CodeEngine:279 - Generated code: C:\robot\Japan2024-Software\MovingDisplay\Mother\MXTmpFiles\license.tmp
2024-03-20 15:54:23,671 [INFO] CodeEngine:255 - oldGeneratedFile, C:\robot\Japan2024-Software\MovingDisplay\Mother\MXTmpFiles\gpio.tmp_save
2024-03-20 15:54:24,506 [INFO] CodeEngine:279 - Generated code: C:\robot\Japan2024-Software\MovingDisplay\Mother\MXTmpFiles\gpio.tmp
2024-03-20 15:54:24,673 [INFO] CodeEngine:255 - oldGeneratedFile, C:\robot\Japan2024-Software\MovingDisplay\Mother\Core\Src\stm32f4xx_it.c_save
2024-03-20 15:54:24,934 [INFO] CodeEngine:279 - Generated code: C:\robot\Japan2024-Software\MovingDisplay\Mother\Core\Src\stm32f4xx_it.c
2024-03-20 15:54:24,947 [INFO] CodeEngine:255 - oldGeneratedFile, C:\robot\Japan2024-Software\MovingDisplay\Mother\Core\Inc\stm32f4xx_it.h_save
2024-03-20 15:54:25,056 [INFO] CodeEngine:279 - Generated code: C:\robot\Japan2024-Software\MovingDisplay\Mother\Core\Inc\stm32f4xx_it.h
2024-03-20 15:54:25,096 [INFO] CodeEngine:255 - oldGeneratedFile, C:\robot\Japan2024-Software\MovingDisplay\Mother\Core\Src\stm32f4xx_hal_msp.c_save
2024-03-20 15:54:25,286 [INFO] CodeEngine:279 - Generated code: C:\robot\Japan2024-Software\MovingDisplay\Mother\Core\Src\stm32f4xx_hal_msp.c
2024-03-20 15:54:25,298 [INFO] CodeEngine:255 - oldGeneratedFile, C:\robot\Japan2024-Software\MovingDisplay\Mother\MXTmpFiles\system.tmp_save
2024-03-20 15:54:25,393 [INFO] CodeEngine:279 - Generated code: C:\robot\Japan2024-Software\MovingDisplay\Mother\MXTmpFiles\system.tmp
2024-03-20 15:54:25,417 [INFO] CodeEngine:311 - oldGeneratedFile, C:\robot\Japan2024-Software\MovingDisplay\Mother\Core\Inc\stm32f4xx_hal_conf.h_save
2024-03-20 15:54:25,556 [INFO] CodeEngine:335 - Generated code: C:\robot\Japan2024-Software\MovingDisplay\Mother\Core\Inc\stm32f4xx_hal_conf.h
2024-03-20 15:54:25,616 [WARN] IPConfigManager:2937 - Warning: the RefConfig PLL2P_FOR_MCO is not available in your config.xml file
2024-03-20 15:54:25,635 [INFO] CodeEngine:255 - oldGeneratedFile, C:\robot\Japan2024-Software\MovingDisplay\Mother\Core\Inc\main.h_save
2024-03-20 15:54:25,771 [INFO] CodeEngine:279 - Generated code: C:\robot\Japan2024-Software\MovingDisplay\Mother\Core\Inc\main.h
2024-03-20 15:54:25,787 [INFO] CodeEngine:255 - oldGeneratedFile, C:\robot\Japan2024-Software\MovingDisplay\Mother\Core\Src\main.c_save
2024-03-20 15:54:25,991 [INFO] CodeEngine:279 - Generated code: C:\robot\Japan2024-Software\MovingDisplay\Mother\Core\Src\main.c
2024-03-20 15:54:27,012 [INFO] ProjectBuilder:2996 - Time for Copy HAL[1] : 387mS.
2024-03-20 15:54:27,016 [INFO] ProjectBuilder:4304 - Project Generator version: 3.19.2
2024-03-20 15:54:27,474 [INFO] ConfigFileManager:1483 - The Die is : DIE421
2024-03-20 15:54:30,425 [INFO] ProjectBuilder:4505 - Time for Generating toolchain IDE Files: 3410mS.
2024-03-20 15:54:30,428 [INFO] ProjectBuilder:2867 - Time for Copy CMSIS : 1mS.
2024-03-20 15:54:30,432 [INFO] ProjectBuilder:2867 - Time for Copy CMSIS : 0mS.
2024-03-20 15:54:51,600 [WARN] IP:2113 - I2C_Coeff_DF not found: check if there is a RefParameter without a condition.
2024-03-20 15:54:51,600 [WARN] IP:2113 - Analog_Filter not found: check if there is a RefParameter without a condition.
2024-03-20 15:54:51,675 [WARN] IP:2113 - I2C_Coeff_DF not found: check if there is a RefParameter without a condition.
2024-03-20 15:54:51,675 [WARN] IP:2113 - Analog_Filter not found: check if there is a RefParameter without a condition.
